[01m[K/home/muratbolu/catkin_ws/src/gazebo_plugin_exercises/src/my_vehicle_plugin.cpp:[m[K In member function â€˜[01m[Kvoid gazebo::MyVehiclePlugin::OnRosMsg(const boost::shared_ptr<const geometry_msgs::Twist_<std::allocator<void> > >&)[m[Kâ€™:
[01m[K/home/muratbolu/catkin_ws/src/gazebo_plugin_exercises/src/my_vehicle_plugin.cpp:158:44:[m[K [01;31m[Kerror: [m[Kbase operand of â€˜[01m[K->[m[Kâ€™ has non-pointer type â€˜[01m[Kconst _angular_type[m[Kâ€™ {aka â€˜[01m[Kconst geometry_msgs::Vector3_<std::allocator<void> >[m[Kâ€™}
  158 |             this->SetVelocity(_msg->angular[01;31m[K->[m[Kz);
      |                                            [01;31m[K^~[m[K
[01m[K/home/muratbolu/catkin_ws/src/gazebo_plugin_exercises/src/velodyne_plugin.cpp:157:39:[m[K [01;31m[Kerror: [m[Kâ€˜[01m[KFloat32ConstPtr[m[Kâ€™ in namespace â€˜[01m[Kstd_msgs[m[Kâ€™ does not name a type
  157 |         void OnRosMsg(const std_msgs::[01;31m[KFloat32ConstPtr[m[K &_msg) {
      |                                       [01;31m[K^~~~~~~~~~~~~~~[m[K
[01m[K/home/muratbolu/catkin_ws/src/gazebo_plugin_exercises/src/velodyne_plugin.cpp:[m[K In member function â€˜[01m[Kvirtual void gazebo::VelodynePlugin::Load(gazebo::physics::ModelPtr, sdf::v9::ElementPtr)[m[Kâ€™:
[01m[K/home/muratbolu/catkin_ws/src/gazebo_plugin_exercises/src/velodyne_plugin.cpp:134:80:[m[K [01;31m[Kerror: [m[Kâ€˜[01m[KFloat32[m[Kâ€™ is not a member of â€˜[01m[Kstd_msgs[m[Kâ€™
  134 |             ros::SubscribeOptions so = ros::SubscribeOptions::create<std_msgs::[01;31m[KFloat32[m[K>(
      |                                                                                [01;31m[K^~~~~~~[m[K
[01m[K/home/muratbolu/catkin_ws/src/gazebo_plugin_exercises/src/velodyne_plugin.cpp:138:71:[m[K [01;31m[Kerror: [m[Kno matching function for call to â€˜[01m[Kros::SubscribeOptions::create<<expression error> >(std::__cxx11::basic_string<char>, int, boost::_bi::bind_t<void, boost::_mfi::mf1<void, gazebo::VelodynePlugin, const int&>, boost::_bi::list2<boost::_bi::value<gazebo::VelodynePlugin*>, boost::arg<1> > >, ros::VoidPtr, ros::CallbackQueue*)[m[Kâ€™
  138 |                                        ros::VoidPtr(), &this->rosQueue[01;31m[K)[m[K;
      |                                                                       [01;31m[K^[m[K
In file included from [01m[K/opt/ros/noetic/include/ros/node_handle.h:42[m[K,
                 from [01m[K/opt/ros/noetic/include/ros/ros.h:45[m[K,
                 from [01m[K/home/muratbolu/catkin_ws/src/gazebo_plugin_exercises/src/velodyne_plugin.cpp:10[m[K:
[01m[K/opt/ros/noetic/include/ros/subscribe_options.h:154:27:[m[K [01;36m[Knote: [m[Kcandidate: â€˜[01m[Ktemplate<class M> static ros::SubscribeOptions ros::SubscribeOptions::create(const string&, uint32_t, const boost::function<void(const boost::shared_ptr<const T>&)>&, const VoidConstPtr&, ros::CallbackQueueInterface*)[m[Kâ€™
  154 |   static SubscribeOptions [01;36m[Kcreate[m[K(const std::string& topic, uint32_t queue_size,
      |                           [01;36m[K^~~~~~[m[K
[01m[K/opt/ros/noetic/include/ros/subscribe_options.h:154:27:[m[K [01;36m[Knote: [m[K  template argument deduction/substitution failed:
[01m[K/home/muratbolu/catkin_ws/src/gazebo_plugin_exercises/src/velodyne_plugin.cpp:138:71:[m[K [01;31m[Kerror: [m[Ktemplate argument 1 is invalid
  138 |                                        ros::VoidPtr(), &this->rosQueue[01;31m[K)[m[K;
      |                                                                       [01;31m[K^[m[K
[01m[K/home/muratbolu/catkin_ws/src/gazebo_plugin_exercises/src/velodyne_plugin.cpp:[m[K In member function â€˜[01m[Kvoid gazebo::VelodynePlugin::OnRosMsg(const int&)[m[Kâ€™:
[01m[K/home/muratbolu/catkin_ws/src/gazebo_plugin_exercises/src/velodyne_plugin.cpp:158:35:[m[K [01;31m[Kerror: [m[Kbase operand of â€˜[01m[K->[m[Kâ€™ is not a pointer
  158 |             this->SetVelocity(_msg[01;31m[K->[m[Kdata);
      |                                   [01;31m[K^~[m[K
make[2]: *** [CMakeFiles/my_vehicle_plugin.dir/build.make:63: CMakeFiles/my_vehicle_plugin.dir/src/my_vehicle_plugin.cpp.o] Error 1
make[1]: *** [CMakeFiles/Makefile2:157: CMakeFiles/my_vehicle_plugin.dir/all] Error 2
make[1]: *** Waiting for unfinished jobs....
make[2]: *** [CMakeFiles/velodyne_plugin.dir/build.make:63: CMakeFiles/velodyne_plugin.dir/src/velodyne_plugin.cpp.o] Error 1
make[1]: *** [CMakeFiles/Makefile2:184: CMakeFiles/velodyne_plugin.dir/all] Error 2
make: *** [Makefile:141: all] Error 2
