[01m[K/home/muratbolu/catkin_ws/src/gazebo_plugin_exercises/src/wheelbarrow_plugin.cpp:31:43:[m[K [01;31m[Kerror: [m[Kexpected identifier before numeric constant
   31 |         ros::MultiThreadedSpinner spinner([01;31m[K2[m[K);
      |                                           [01;31m[K^[m[K
[01m[K/home/muratbolu/catkin_ws/src/gazebo_plugin_exercises/src/wheelbarrow_plugin.cpp:31:43:[m[K [01;31m[Kerror: [m[Kexpected â€˜[01m[K,[m[Kâ€™ or â€˜[01m[K...[m[Kâ€™ before numeric constant
[01m[K/home/muratbolu/catkin_ws/src/gazebo_plugin_exercises/src/wheelbarrow_plugin.cpp:[m[K In member function â€˜[01m[Kvirtual void gazebo::WheelbarrowPlugin::Load(gazebo::physics::ModelPtr, sdf::v9::ElementPtr)[m[Kâ€™:
[01m[K/home/muratbolu/catkin_ws/src/gazebo_plugin_exercises/src/wheelbarrow_plugin.cpp:60:13:[m[K [01;31m[Kerror: [m[Kinvalid use of member function â€˜[01m[Kros::MultiThreadedSpinner gazebo::WheelbarrowPlugin::spinner(int)[m[Kâ€™ (did you forget the â€˜[01m[K()[m[Kâ€™ ?)
   60 |             [01;31m[Kspinner[m[K.spin();
      |             [01;31m[K^~~~~~~[m[K
make[2]: *** [CMakeFiles/wheelbarrow_plugin.dir/build.make:63: CMakeFiles/wheelbarrow_plugin.dir/src/wheelbarrow_plugin.cpp.o] Error 1
make[1]: *** [CMakeFiles/Makefile2:756: CMakeFiles/wheelbarrow_plugin.dir/all] Error 2
make: *** [Makefile:141: all] Error 2
