[01m[K/home/muratbolu/catkin_ws/src/gazebo_plugin_exercises/src/twist_publisher.cpp:[m[K In function â€˜[01m[Kint main(int, char**)[m[Kâ€™:
[01m[K/home/muratbolu/catkin_ws/src/gazebo_plugin_exercises/src/twist_publisher.cpp:18:40:[m[K [01;31m[Kerror: [m[Kâ€˜[01m[Koffset[m[Kâ€™ was not declared in this scope; did you mean â€˜[01m[Koff_t[m[Kâ€™?
   18 |         twist.linear.x  = -5 * cos(d - [01;31m[Koffset[m[K);
      |                                        [01;31m[K^~~~~~[m[K
      |                                        [32m[Koff_t[m[K
make[2]: *** [CMakeFiles/twist_publisher.dir/build.make:63: CMakeFiles/twist_publisher.dir/src/twist_publisher.cpp.o] Error 1
make[1]: *** [CMakeFiles/Makefile2:885: CMakeFiles/twist_publisher.dir/all] Error 2
make: *** [Makefile:141: all] Error 2
