/usr/bin/ld: CMakeFiles/prime_publisher.dir/src/prime_publisher.cpp.o: in function `main':
prime_publisher.cpp:(.text.startup+0x89): undefined reference to `prime_application::prime_application()'
/usr/bin/ld: prime_publisher.cpp:(.text.startup+0x91): undefined reference to `prime_application::~prime_application()'
collect2: error: ld returned 1 exit status
make[2]: *** [CMakeFiles/prime_publisher.dir/build.make:101: /home/muratbolu/catkin_ws/devel/.private/ros_exercises/lib/ros_exercises/prime_publisher] Error 1
make[1]: *** [CMakeFiles/Makefile2:529: CMakeFiles/prime_publisher.dir/all] Error 2
make: *** [Makefile:141: all] Error 2
