[01m[K/home/muratbolu/catkin_ws/src/ros_exercises/src/prime_publisher.cpp:8:26:[m[K [01;31m[Kerror: [m[Kexpected â€˜[01m[K,[m[Kâ€™ or â€˜[01m[K...[m[Kâ€™ before â€˜[01m[Kprime_namespace[m[Kâ€™
    8 |                          [01;31m[Kprime_namespace[m[K::prime_class &prime_object) {
      |                          [01;31m[K^~~~~~~~~~~~~~~[m[K
[01m[K/home/muratbolu/catkin_ws/src/ros_exercises/src/prime_publisher.cpp:[m[K In function â€˜[01m[Kvoid calculator_function(ros_exercises::primes_list&)[m[Kâ€™:
[01m[K/home/muratbolu/catkin_ws/src/ros_exercises/src/prime_publisher.cpp:10:30:[m[K [01;31m[Kerror: [m[Kâ€˜[01m[Kprime_object[m[Kâ€™ was not declared in this scope
   10 |   primes_lst.array.push_back([01;31m[Kprime_object[m[K.next_prime());
      |                              [01;31m[K^~~~~~~~~~~~[m[K
In file included from [01m[K/home/muratbolu/catkin_ws/src/ros_exercises/src/prime_publisher.cpp:5[m[K:
/usr/include/c++/9/thread: In instantiation of â€˜[01m[Kstd::thread::thread(_Callable&&, _Args&& ...) [with _Callable = void (&)(ros_exercises::primes_list_<std::allocator<void> >&); _Args = {ros_exercises::primes_list_<std::allocator<void> >&, prime_namespace::prime_class&}; <template-parameter-1-3> = void][m[Kâ€™:
[01m[K/home/muratbolu/catkin_ws/src/ros_exercises/src/prime_publisher.cpp:35:72:[m[K   required from here
[01m[K/usr/include/c++/9/thread:120:44:[m[K [01;31m[Kerror: [m[Kstatic assertion failed: std::thread arguments must be invocable after conversion to rvalues
  120 |           typename decay<_Args>::type...>::[01;31m[Kvalue[m[K,
      |                                            [01;31m[K^~~~~[m[K
/usr/include/c++/9/thread: In instantiation of â€˜[01m[Kstruct std::thread::_Invoker<std::tuple<void (*)(ros_exercises::primes_list_<std::allocator<void> >&), ros_exercises::primes_list_<std::allocator<void> >, prime_namespace::prime_class> >[m[Kâ€™:
[01m[K/usr/include/c++/9/thread:131:22:[m[K   required from â€˜[01m[Kstd::thread::thread(_Callable&&, _Args&& ...) [with _Callable = void (&)(ros_exercises::primes_list_<std::allocator<void> >&); _Args = {ros_exercises::primes_list_<std::allocator<void> >&, prime_namespace::prime_class&}; <template-parameter-1-3> = void][m[Kâ€™
[01m[K/home/muratbolu/catkin_ws/src/ros_exercises/src/prime_publisher.cpp:35:72:[m[K   required from here
[01m[K/usr/include/c++/9/thread:243:4:[m[K [01;31m[Kerror: [m[Kno type named â€˜[01m[Ktype[m[Kâ€™ in â€˜[01m[Kstruct std::thread::_Invoker<std::tuple<void (*)(ros_exercises::primes_list_<std::allocator<void> >&), ros_exercises::primes_list_<std::allocator<void> >, prime_namespace::prime_class> >::__result<std::tuple<void (*)(ros_exercises::primes_list_<std::allocator<void> >&), ros_exercises::primes_list_<std::allocator<void> >, prime_namespace::prime_class> >[m[Kâ€™
  243 |    [01;31m[K_M_invoke[m[K(_Index_tuple<_Ind...>)
      |    [01;31m[K^~~~~~~~~[m[K
[01m[K/usr/include/c++/9/thread:247:2:[m[K [01;31m[Kerror: [m[Kno type named â€˜[01m[Ktype[m[Kâ€™ in â€˜[01m[Kstruct std::thread::_Invoker<std::tuple<void (*)(ros_exercises::primes_list_<std::allocator<void> >&), ros_exercises::primes_list_<std::allocator<void> >, prime_namespace::prime_class> >::__result<std::tuple<void (*)(ros_exercises::primes_list_<std::allocator<void> >&), ros_exercises::primes_list_<std::allocator<void> >, prime_namespace::prime_class> >[m[Kâ€™
  247 |  [01;31m[Koperator[m[K()()
      |  [01;31m[K^~~~~~~~[m[K
/usr/include/c++/9/thread: In instantiation of â€˜[01m[Kstd::thread::thread(_Callable&&, _Args&& ...) [with _Callable = void (&)(ros::Publisher&, ros::Rate&, ros_exercises::primes_list_<std::allocator<void> >&); _Args = {ros::Publisher&, ros::Rate&, ros_exercises::primes_list_<std::allocator<void> >&}; <template-parameter-1-3> = void][m[Kâ€™:
[01m[K/home/muratbolu/catkin_ws/src/ros_exercises/src/prime_publisher.cpp:36:79:[m[K   required from here
[01m[K/usr/include/c++/9/thread:120:44:[m[K [01;31m[Kerror: [m[Kstatic assertion failed: std::thread arguments must be invocable after conversion to rvalues
  120 |           typename decay<_Args>::type...>::[01;31m[Kvalue[m[K,
      |                                            [01;31m[K^~~~~[m[K
/usr/include/c++/9/thread: In instantiation of â€˜[01m[Kstruct std::thread::_Invoker<std::tuple<void (*)(ros::Publisher&, ros::Rate&, ros_exercises::primes_list_<std::allocator<void> >&), ros::Publisher, ros::Rate, ros_exercises::primes_list_<std::allocator<void> > > >[m[Kâ€™:
[01m[K/usr/include/c++/9/thread:131:22:[m[K   required from â€˜[01m[Kstd::thread::thread(_Callable&&, _Args&& ...) [with _Callable = void (&)(ros::Publisher&, ros::Rate&, ros_exercises::primes_list_<std::allocator<void> >&); _Args = {ros::Publisher&, ros::Rate&, ros_exercises::primes_list_<std::allocator<void> >&}; <template-parameter-1-3> = void][m[Kâ€™
[01m[K/home/muratbolu/catkin_ws/src/ros_exercises/src/prime_publisher.cpp:36:79:[m[K   required from here
[01m[K/usr/include/c++/9/thread:243:4:[m[K [01;31m[Kerror: [m[Kno type named â€˜[01m[Ktype[m[Kâ€™ in â€˜[01m[Kstruct std::thread::_Invoker<std::tuple<void (*)(ros::Publisher&, ros::Rate&, ros_exercises::primes_list_<std::allocator<void> >&), ros::Publisher, ros::Rate, ros_exercises::primes_list_<std::allocator<void> > > >::__result<std::tuple<void (*)(ros::Publisher&, ros::Rate&, ros_exercises::primes_list_<std::allocator<void> >&), ros::Publisher, ros::Rate, ros_exercises::primes_list_<std::allocator<void> > > >[m[Kâ€™
  243 |    [01;31m[K_M_invoke[m[K(_Index_tuple<_Ind...>)
      |    [01;31m[K^~~~~~~~~[m[K
[01m[K/usr/include/c++/9/thread:247:2:[m[K [01;31m[Kerror: [m[Kno type named â€˜[01m[Ktype[m[Kâ€™ in â€˜[01m[Kstruct std::thread::_Invoker<std::tuple<void (*)(ros::Publisher&, ros::Rate&, ros_exercises::primes_list_<std::allocator<void> >&), ros::Publisher, ros::Rate, ros_exercises::primes_list_<std::allocator<void> > > >::__result<std::tuple<void (*)(ros::Publisher&, ros::Rate&, ros_exercises::primes_list_<std::allocator<void> >&), ros::Publisher, ros::Rate, ros_exercises::primes_list_<std::allocator<void> > > >[m[Kâ€™
  247 |  [01;31m[Koperator[m[K()()
      |  [01;31m[K^~~~~~~~[m[K
make[2]: *** [CMakeFiles/prime_publisher.dir/build.make:63: CMakeFiles/prime_publisher.dir/src/prime_publisher.cpp.o] Error 1
make[1]: *** [CMakeFiles/Makefile2:515: CMakeFiles/prime_publisher.dir/all] Error 2
make: *** [Makefile:141: all] Error 2
