[01m[K/home/muratbolu/catkin_ws/src/ros_exercises/src/prime_publisher.cpp:[m[K In function â€˜[01m[Kint main(int, char**)[m[Kâ€™:
[01m[K/home/muratbolu/catkin_ws/src/ros_exercises/src/prime_publisher.cpp:9:44:[m[K [01;31m[Kerror: [m[Kâ€˜[01m[Kros_exercises[m[Kâ€™ was not declared in this scope
    9 |  ros::Publisher prime_pub = node.advertise<[01;31m[Kros_exercises[m[K::primes_list>("chatter", 1000);
      |                                            [01;31m[K^~~~~~~~~~~~~[m[K
[01m[K/home/muratbolu/catkin_ws/src/ros_exercises/src/prime_publisher.cpp:9:34:[m[K [01;31m[Kerror: [m[Kparse error in template argument list
    9 |  ros::Publisher prime_pub = node.[01;31m[Kadvertise<ros_exercises::primes_list>[m[K("chatter", 1000);
      |                                  [01;31m[K^~~~~~~~~~~~~~~~~~~~~~~~~~~~~~~~~~~~~[m[K
[01m[K/home/muratbolu/catkin_ws/src/ros_exercises/src/prime_publisher.cpp:9:87:[m[K [01;31m[Kerror: [m[Kno matching function for call to â€˜[01m[Kros::NodeHandle::advertise<<expression error> >(const char [8], int)[m[Kâ€™
    9 |  ros::Publisher prime_pub = node.advertise<ros_exercises::primes_list>("chatter", 1000[01;31m[K)[m[K;
      |                                                                                       [01;31m[K^[m[K
In file included from [01m[K/opt/ros/noetic/include/ros/ros.h:45[m[K,
                 from [01m[K/home/muratbolu/catkin_ws/src/ros_exercises/src/prime_publisher.cpp:1[m[K:
[01m[K/opt/ros/noetic/include/ros/node_handle.h:249:15:[m[K [01;36m[Knote: [m[Kcandidate: â€˜[01m[Ktemplate<class M> ros::Publisher ros::NodeHandle::advertise(const string&, uint32_t, bool)[m[Kâ€™
  249 |     Publisher [01;36m[Kadvertise[m[K(const std::string& topic, uint32_t queue_size, bool latch = false)
      |               [01;36m[K^~~~~~~~~[m[K
[01m[K/opt/ros/noetic/include/ros/node_handle.h:249:15:[m[K [01;36m[Knote: [m[K  template argument deduction/substitution failed:
[01m[K/home/muratbolu/catkin_ws/src/ros_exercises/src/prime_publisher.cpp:9:87:[m[K [01;31m[Kerror: [m[Ktemplate argument 1 is invalid
    9 |  ros::Publisher prime_pub = node.advertise<ros_exercises::primes_list>("chatter", 1000[01;31m[K)[m[K;
      |                                                                                       [01;31m[K^[m[K
In file included from [01m[K/opt/ros/noetic/include/ros/ros.h:45[m[K,
                 from [01m[K/home/muratbolu/catkin_ws/src/ros_exercises/src/prime_publisher.cpp:1[m[K:
[01m[K/opt/ros/noetic/include/ros/node_handle.h:315:13:[m[K [01;36m[Knote: [m[Kcandidate: â€˜[01m[Ktemplate<class M> ros::Publisher ros::NodeHandle::advertise(const string&, uint32_t, const SubscriberStatusCallback&, const SubscriberStatusCallback&, const VoidConstPtr&, bool)[m[Kâ€™
  315 |   Publisher [01;36m[Kadvertise[m[K(const std::string& topic, uint32_t queue_size,
      |             [01;36m[K^~~~~~~~~[m[K
[01m[K/opt/ros/noetic/include/ros/node_handle.h:315:13:[m[K [01;36m[Knote: [m[K  template argument deduction/substitution failed:
[01m[K/home/muratbolu/catkin_ws/src/ros_exercises/src/prime_publisher.cpp:9:87:[m[K [01;31m[Kerror: [m[Ktemplate argument 1 is invalid
    9 |  ros::Publisher prime_pub = node.advertise<ros_exercises::primes_list>("chatter", 1000[01;31m[K)[m[K;
      |                                                                                       [01;31m[K^[m[K
[01m[K/home/muratbolu/catkin_ws/src/ros_exercises/src/prime_publisher.cpp:12:3:[m[K [01;31m[Kerror: [m[Kâ€˜[01m[Kros_exercises[m[Kâ€™ is not a class, namespace, or enumeration
   12 |   [01;31m[Kros_exercises[m[K::primes_list lst;
      |   [01;31m[K^~~~~~~~~~~~~[m[K
[01m[K/home/muratbolu/catkin_ws/src/ros_exercises/src/prime_publisher.cpp:15:3:[m[K [01;31m[Kerror: [m[Kâ€˜[01m[Kmsg[m[Kâ€™ was not declared in this scope
   15 |   [01;31m[Kmsg[m[K.data = sstream.str();
      |   [01;31m[K^~~[m[K
make[2]: *** [CMakeFiles/prime_publisher.dir/build.make:63: CMakeFiles/prime_publisher.dir/src/prime_publisher.cpp.o] Error 1
make[1]: *** [CMakeFiles/Makefile2:515: CMakeFiles/prime_publisher.dir/all] Error 2
make: *** [Makefile:141: all] Error 2
