In file included from [01m[K/home/muratbolu/catkin_ws/src/ros_exercises/src/prime.cpp:1[m[K:
[01m[K/home/muratbolu/catkin_ws/src/ros_exercises/include/ros_exercises/prime.h:50:35:[m[K [01;31m[Kerror: [m[Kexpected identifier before numeric constant
   50 |         ros::Rate calculator_rate([01;31m[K500[m[K);
      |                                   [01;31m[K^~~[m[K
[01m[K/home/muratbolu/catkin_ws/src/ros_exercises/include/ros_exercises/prime.h:50:35:[m[K [01;31m[Kerror: [m[Kexpected â€˜[01m[K,[m[Kâ€™ or â€˜[01m[K...[m[Kâ€™ before numeric constant
[01m[K/home/muratbolu/catkin_ws/src/ros_exercises/include/ros_exercises/prime.h:51:32:[m[K [01;31m[Kerror: [m[Kexpected identifier before numeric constant
   51 |         ros::Rate printer_rate([01;31m[K1[m[K);
      |                                [01;31m[K^[m[K
[01m[K/home/muratbolu/catkin_ws/src/ros_exercises/include/ros_exercises/prime.h:51:32:[m[K [01;31m[Kerror: [m[Kexpected â€˜[01m[K,[m[Kâ€™ or â€˜[01m[K...[m[Kâ€™ before numeric constant
[01m[K/home/muratbolu/catkin_ws/src/ros_exercises/include/ros_exercises/prime.h:52:34:[m[K [01;31m[Kerror: [m[Kexpected identifier before numeric constant
   52 |         ros::Rate publisher_rate([01;31m[K500[m[K);
      |                                  [01;31m[K^~~[m[K
[01m[K/home/muratbolu/catkin_ws/src/ros_exercises/include/ros_exercises/prime.h:52:34:[m[K [01;31m[Kerror: [m[Kexpected â€˜[01m[K,[m[Kâ€™ or â€˜[01m[K...[m[Kâ€™ before numeric constant
[01m[K/home/muratbolu/catkin_ws/src/ros_exercises/src/prime.cpp:[m[K In constructor â€˜[01m[Kprime_application::prime_application()[m[Kâ€™:
[01m[K/home/muratbolu/catkin_ws/src/ros_exercises/src/prime.cpp:6:37:[m[K [01;31m[Kerror: [m[Ktaking address of rvalue [[01;31m[K-fpermissive[m[K]
    6 |     calculator_rate = &ros::Rate(500[01;31m[K)[m[K;
      |                                     [01;31m[K^[m[K
[01m[K/home/muratbolu/catkin_ws/src/ros_exercises/src/prime.cpp:6:5:[m[K [01;31m[Kerror: [m[Kinvalid use of member function â€˜[01m[Kros::Rate prime_application::calculator_rate(int)[m[Kâ€™ (did you forget the â€˜[01m[K()[m[Kâ€™ ?)
    6 |     [01;31m[Kcalculator_rate[m[K = &ros::Rate(500);
      |     [01;31m[K^~~~~~~~~~~~~~~[m[K
[01m[K/home/muratbolu/catkin_ws/src/ros_exercises/src/prime.cpp:7:32:[m[K [01;31m[Kerror: [m[Ktaking address of rvalue [[01;31m[K-fpermissive[m[K]
    7 |     printer_rate = &ros::Rate(1[01;31m[K)[m[K;
      |                                [01;31m[K^[m[K
[01m[K/home/muratbolu/catkin_ws/src/ros_exercises/src/prime.cpp:7:5:[m[K [01;31m[Kerror: [m[Kinvalid use of member function â€˜[01m[Kros::Rate prime_application::printer_rate(int)[m[Kâ€™ (did you forget the â€˜[01m[K()[m[Kâ€™ ?)
    7 |     [01;31m[Kprinter_rate[m[K = &ros::Rate(1);
      |     [01;31m[K^~~~~~~~~~~~[m[K
[01m[K/home/muratbolu/catkin_ws/src/ros_exercises/src/prime.cpp:8:36:[m[K [01;31m[Kerror: [m[Ktaking address of rvalue [[01;31m[K-fpermissive[m[K]
    8 |     publisher_rate = &ros::Rate(500[01;31m[K)[m[K;
      |                                    [01;31m[K^[m[K
[01m[K/home/muratbolu/catkin_ws/src/ros_exercises/src/prime.cpp:8:5:[m[K [01;31m[Kerror: [m[Kinvalid use of member function â€˜[01m[Kros::Rate prime_application::publisher_rate(int)[m[Kâ€™ (did you forget the â€˜[01m[K()[m[Kâ€™ ?)
    8 |     [01;31m[Kpublisher_rate[m[K = &ros::Rate(500);
      |     [01;31m[K^~~~~~~~~~~~~~[m[K
[01m[K/home/muratbolu/catkin_ws/src/ros_exercises/src/prime.cpp:9:34:[m[K [01;31m[Kerror: [m[Kinvalid use of non-static member function â€˜[01m[Kvoid prime_application::calculator_function()[m[Kâ€™
    9 |  calculator_thread = std::thread([01;31m[Kcalculator_function[m[K);
      |                                  [01;31m[K^~~~~~~~~~~~~~~~~~~[m[K
In file included from [01m[K/home/muratbolu/catkin_ws/src/ros_exercises/src/prime.cpp:1[m[K:
[01m[K/home/muratbolu/catkin_ws/src/ros_exercises/include/ros_exercises/prime.h:60:14:[m[K [01;36m[Knote: [m[Kdeclared here
   60 |         void [01;36m[Kcalculator_function[m[K();
      |              [01;36m[K^~~~~~~~~~~~~~~~~~~[m[K
[01m[K/home/muratbolu/catkin_ws/src/ros_exercises/src/prime.cpp:10:31:[m[K [01;31m[Kerror: [m[Kinvalid use of non-static member function â€˜[01m[Kvoid prime_application::printer_function()[m[Kâ€™
   10 |  printer_thread = std::thread([01;31m[Kprinter_function[m[K);
      |                               [01;31m[K^~~~~~~~~~~~~~~~[m[K
In file included from [01m[K/home/muratbolu/catkin_ws/src/ros_exercises/src/prime.cpp:1[m[K:
[01m[K/home/muratbolu/catkin_ws/src/ros_exercises/include/ros_exercises/prime.h:61:14:[m[K [01;36m[Knote: [m[Kdeclared here
   61 |         void [01;36m[Kprinter_function[m[K();
      |              [01;36m[K^~~~~~~~~~~~~~~~[m[K
[01m[K/home/muratbolu/catkin_ws/src/ros_exercises/src/prime.cpp:11:33:[m[K [01;31m[Kerror: [m[Kinvalid use of non-static member function â€˜[01m[Kvoid prime_application::publisher_function()[m[Kâ€™
   11 |  publisher_thread = std::thread([01;31m[Kpublisher_function[m[K);
      |                                 [01;31m[K^~~~~~~~~~~~~~~~~~[m[K
In file included from [01m[K/home/muratbolu/catkin_ws/src/ros_exercises/src/prime.cpp:1[m[K:
[01m[K/home/muratbolu/catkin_ws/src/ros_exercises/include/ros_exercises/prime.h:62:14:[m[K [01;36m[Knote: [m[Kdeclared here
   62 |         void [01;36m[Kpublisher_function[m[K();
      |              [01;36m[K^~~~~~~~~~~~~~~~~~[m[K
[01m[K/home/muratbolu/catkin_ws/src/ros_exercises/src/prime.cpp:[m[K In member function â€˜[01m[Kvoid prime_application::calculator_function()[m[Kâ€™:
[01m[K/home/muratbolu/catkin_ws/src/ros_exercises/src/prime.cpp:30:3:[m[K [01;31m[Kerror: [m[Kinvalid use of member function â€˜[01m[Kros::Rate prime_application::calculator_rate(int)[m[Kâ€™ (did you forget the â€˜[01m[K()[m[Kâ€™ ?)
   30 |   [01;31m[Kcalculator_rate[m[K.sleep();
      |   [01;31m[K^~~~~~~~~~~~~~~[m[K
[01m[K/home/muratbolu/catkin_ws/src/ros_exercises/src/prime.cpp:[m[K In member function â€˜[01m[Kvoid prime_application::printer_function()[m[Kâ€™:
[01m[K/home/muratbolu/catkin_ws/src/ros_exercises/src/prime.cpp:42:3:[m[K [01;31m[Kerror: [m[Kinvalid use of member function â€˜[01m[Kros::Rate prime_application::printer_rate(int)[m[Kâ€™ (did you forget the â€˜[01m[K()[m[Kâ€™ ?)
   42 |   [01;31m[Kprinter_rate[m[K.sleep();
      |   [01;31m[K^~~~~~~~~~~~[m[K
[01m[K/home/muratbolu/catkin_ws/src/ros_exercises/src/prime.cpp:[m[K In member function â€˜[01m[Kvoid prime_application::publisher_function()[m[Kâ€™:
[01m[K/home/muratbolu/catkin_ws/src/ros_exercises/src/prime.cpp:54:3:[m[K [01;31m[Kerror: [m[Kinvalid use of member function â€˜[01m[Kros::Rate prime_application::publisher_rate(int)[m[Kâ€™ (did you forget the â€˜[01m[K()[m[Kâ€™ ?)
   54 |   [01;31m[Kpublisher_rate[m[K.sleep();
      |   [01;31m[K^~~~~~~~~~~~~~[m[K
In file included from [01m[K/home/muratbolu/catkin_ws/src/ros_exercises/src/prime_publisher.cpp:2[m[K:
[01m[K/home/muratbolu/catkin_ws/src/ros_exercises/include/ros_exercises/prime.h:50:35:[m[K [01;31m[Kerror: [m[Kexpected identifier before numeric constant
   50 |         ros::Rate calculator_rate([01;31m[K500[m[K);
      |                                   [01;31m[K^~~[m[K
[01m[K/home/muratbolu/catkin_ws/src/ros_exercises/include/ros_exercises/prime.h:50:35:[m[K [01;31m[Kerror: [m[Kexpected â€˜[01m[K,[m[Kâ€™ or â€˜[01m[K...[m[Kâ€™ before numeric constant
[01m[K/home/muratbolu/catkin_ws/src/ros_exercises/include/ros_exercises/prime.h:51:32:[m[K [01;31m[Kerror: [m[Kexpected identifier before numeric constant
   51 |         ros::Rate printer_rate([01;31m[K1[m[K);
      |                                [01;31m[K^[m[K
[01m[K/home/muratbolu/catkin_ws/src/ros_exercises/include/ros_exercises/prime.h:51:32:[m[K [01;31m[Kerror: [m[Kexpected â€˜[01m[K,[m[Kâ€™ or â€˜[01m[K...[m[Kâ€™ before numeric constant
[01m[K/home/muratbolu/catkin_ws/src/ros_exercises/include/ros_exercises/prime.h:52:34:[m[K [01;31m[Kerror: [m[Kexpected identifier before numeric constant
   52 |         ros::Rate publisher_rate([01;31m[K500[m[K);
      |                                  [01;31m[K^~~[m[K
[01m[K/home/muratbolu/catkin_ws/src/ros_exercises/include/ros_exercises/prime.h:52:34:[m[K [01;31m[Kerror: [m[Kexpected â€˜[01m[K,[m[Kâ€™ or â€˜[01m[K...[m[Kâ€™ before numeric constant
make[2]: *** [CMakeFiles/prime_publisher.dir/build.make:63: CMakeFiles/prime_publisher.dir/src/prime_publisher.cpp.o] Error 1
make[2]: *** [CMakeFiles/prime.dir/build.make:63: CMakeFiles/prime.dir/src/prime.cpp.o] Error 1
make[1]: *** [CMakeFiles/Makefile2:531: CMakeFiles/prime_publisher.dir/all] Error 2
make[1]: *** Waiting for unfinished jobs....
make[1]: *** [CMakeFiles/Makefile2:958: CMakeFiles/prime.dir/all] Error 2
make: *** [Makefile:141: all] Error 2
