[01m[K/home/muratbolu/catkin_ws/src/ros_exercises/src/prime_publisher.cpp:[m[K In function â€˜[01m[Kint main(int, char**)[m[Kâ€™:
[01m[K/home/muratbolu/catkin_ws/src/ros_exercises/src/prime_publisher.cpp:7:2:[m[K [01;31m[Kerror: [m[Kâ€˜[01m[Kprime_application::__ct [m[Kâ€™ names the constructor, not the type
    7 |  [01;31m[Kprime_application[m[K::prime_application obj;
      |  [01;31m[K^~~~~~~~~~~~~~~~~[m[K
[01m[K/home/muratbolu/catkin_ws/src/ros_exercises/src/prime_publisher.cpp:7:38:[m[K [01;31m[Kerror: [m[Kexpected â€˜[01m[K;[m[Kâ€™ before â€˜[01m[Kobj[m[Kâ€™
    7 |  prime_application::prime_application[01;31m[K [m[K[32m[Kobj[m[K;
      |                                      [01;31m[K^[m[K[32m[K~~~[m[K
      |                                      [32m[K;[m[K
[01m[K/home/muratbolu/catkin_ws/src/ros_exercises/src/prime_publisher.cpp:7:42:[m[K [01;31m[Kerror: [m[Kstatement cannot resolve address of overloaded function
    7 |  prime_application::prime_application obj[01;31m[K;[m[K
      |                                          [01;31m[K^[m[K
make[2]: *** [CMakeFiles/prime_publisher.dir/build.make:63: CMakeFiles/prime_publisher.dir/src/prime_publisher.cpp.o] Error 1
make[1]: *** [CMakeFiles/Makefile2:529: CMakeFiles/prime_publisher.dir/all] Error 2
make: *** [Makefile:141: all] Error 2
