[01m[K/home/muratbolu/catkin_ws/src/ros_exercises/src/prime_publisher.cpp:3:10:[m[K [01;31m[Kfatal error: [m[Kros_exercises/print_data.h: No such file or directory
    3 | #include [01;31m[K<ros_exercises/print_data.h>[m[K
      |          [01;31m[K^~~~~~~~~~~~~~~~~~~~~~~~~~~~[m[K
compilation terminated.
make[2]: *** [CMakeFiles/prime_publisher.dir/build.make:63: CMakeFiles/prime_publisher.dir/src/prime_publisher.cpp.o] Error 1
make[1]: *** [CMakeFiles/Makefile2:529: CMakeFiles/prime_publisher.dir/all] Error 2
make[1]: *** Waiting for unfinished jobs....
[01m[K/home/muratbolu/catkin_ws/src/ros_exercises/src/statistics_server.cpp:4:10:[m[K [01;31m[Kfatal error: [m[Kros_exercises/print_data.h: No such file or directory
    4 | #include [01;31m[K<ros_exercises/print_data.h>[m[K
      |          [01;31m[K^~~~~~~~~~~~~~~~~~~~~~~~~~~~[m[K
compilation terminated.
make[2]: *** [CMakeFiles/statistics_server.dir/build.make:63: CMakeFiles/statistics_server.dir/src/statistics_server.cpp.o] Error 1
make[1]: *** [CMakeFiles/Makefile2:183: CMakeFiles/statistics_server.dir/all] Error 2
In file included from [01m[K/home/muratbolu/catkin_ws/src/ros_exercises/src/find_min_array_server.cpp:3[m[K:
[01m[K/home/muratbolu/catkin_ws/src/ros_exercises/include/ros_exercises/print_array.h:34:45:[m[K [01;31m[Kerror: [m[Kâ€˜[01m[Kprimes_list[m[Kâ€™ in namespace â€˜[01m[Kros_exercises[m[Kâ€™ does not name a type
   34 |  std::string to_string(const ros_exercises::[01;31m[Kprimes_list[m[K::Request  &req) {
      |                                             [01;31m[K^~~~~~~~~~~[m[K
[01m[K/home/muratbolu/catkin_ws/src/ros_exercises/include/ros_exercises/print_array.h:34:67:[m[K [01;31m[Kerror: [m[Kexpected unqualified-id before â€˜[01m[K&[m[Kâ€™ token
   34 |  std::string to_string(const ros_exercises::primes_list::Request  [01;31m[K&[m[Kreq) {
      |                                                                   [01;31m[K^[m[K
[01m[K/home/muratbolu/catkin_ws/src/ros_exercises/include/ros_exercises/print_array.h:34:65:[m[K [01;31m[Kerror: [m[Kexpected â€˜[01m[K)[m[Kâ€™ before â€˜[01m[K&[m[Kâ€™ token
   34 |  std::string to_string[34m[K([m[Kconst ros_exercises::primes_list::Request[01;31m[K [m[K [32m[K&[m[Kreq) {
      |                       [34m[K~[m[K                                         [01;31m[K^[m[K [32m[K~[m[K
      |                                                                 [32m[K)[m[K
[01m[K/home/muratbolu/catkin_ws/src/ros_exercises/include/ros_exercises/print_array.h:34:68:[m[K [01;31m[Kerror: [m[Kexpected initializer before â€˜[01m[Kreq[m[Kâ€™
   34 |  std::string to_string(const ros_exercises::primes_list::Request  &[01;31m[Kreq[m[K) {
      |                                                                    [01;31m[K^~~[m[K
In file included from [01m[K/opt/ros/noetic/include/ros/ros.h:40[m[K,
                 from [01m[K/home/muratbolu/catkin_ws/src/ros_exercises/src/find_min_array_server.cpp:1[m[K:
[01m[K/home/muratbolu/catkin_ws/src/ros_exercises/src/find_min_array_server.cpp:[m[K In function â€˜[01m[Kbool find_min_array(ros_exercises::find_min_array::Request&, ros_exercises::find_min_array::Response&)[m[Kâ€™:
[01m[K/home/muratbolu/catkin_ws/src/ros_exercises/src/find_min_array_server.cpp:13:18:[m[K [01;31m[Kerror: [m[Kâ€˜[01m[Kprint_array[m[Kâ€™ has not been declared
   13 |  ROS_INFO("%s", ([01;31m[Kprint_array[m[K::to_string(req)).c_str());
      |                  [01;31m[K^~~~~~~~~~~[m[K
[01m[K/opt/ros/noetic/include/ros/console.h:351:165:[m[K [01;36m[Knote: [m[Kin definition of macro â€˜[01m[KROSCONSOLE_PRINT_AT_LOCATION_WITH_FILTER[m[Kâ€™
  351 |     ::ros::console::print(filter, __rosconsole_define_location__loc.logger_, __rosconsole_define_location__loc.level_, __FILE__, __LINE__, __ROSCONSOLE_FUNCTION__, [01;36m[K__VA_ARGS__[m[K)
      |                                                                                                                                                                     [01;36m[K^~~~~~~~~~~[m[K
[01m[K/opt/ros/noetic/include/ros/console.h:390:7:[m[K [01;36m[Knote: [m[Kin expansion of macro â€˜[01m[KROSCONSOLE_PRINT_AT_LOCATION[m[Kâ€™
  390 |       [01;36m[KROSCONSOLE_PRINT_AT_LOCATION[m[K(__VA_ARGS__); \
      |       [01;36m[K^~~~~~~~~~~~~~~~~~~~~~~~~~~~[m[K
[01m[K/opt/ros/noetic/include/ros/console.h:575:35:[m[K [01;36m[Knote: [m[Kin expansion of macro â€˜[01m[KROS_LOG_COND[m[Kâ€™
  575 | #define ROS_LOG(level, name, ...) [01;36m[KROS_LOG_COND[m[K(true, level, name, __VA_ARGS__)
      |                                   [01;36m[K^~~~~~~~~~~~[m[K
[01m[K/opt/ros/noetic/include/rosconsole/macros_generated.h:110:23:[m[K [01;36m[Knote: [m[Kin expansion of macro â€˜[01m[KROS_LOG[m[Kâ€™
  110 | #define ROS_INFO(...) [01;36m[KROS_LOG[m[K(::ros::console::levels::Info, ROSCONSOLE_DEFAULT_NAME, __VA_ARGS__)
      |                       [01;36m[K^~~~~~~[m[K
[01m[K/home/muratbolu/catkin_ws/src/ros_exercises/src/find_min_array_server.cpp:13:2:[m[K [01;36m[Knote: [m[Kin expansion of macro â€˜[01m[KROS_INFO[m[Kâ€™
   13 |  [01;36m[KROS_INFO[m[K("%s", (print_array::to_string(req)).c_str());
      |  [01;36m[K^~~~~~~~[m[K
make[2]: *** [CMakeFiles/find_min_array_server.dir/build.make:63: CMakeFiles/find_min_array_server.dir/src/find_min_array_server.cpp.o] Error 1
make[1]: *** [CMakeFiles/Makefile2:237: CMakeFiles/find_min_array_server.dir/all] Error 2
make: *** [Makefile:141: all] Error 2
