In file included from [01m[K/home/muratbolu/catkin_ws/src/ros_exercises/src/prime_publisher.cpp:3[m[K:
[01m[K/home/muratbolu/catkin_ws/src/ros_exercises/include/ros_exercises/print_array.h:35:58:[m[K [01;31m[Kerror: [m[Kâ€˜[01m[KRequest[m[Kâ€™ in â€˜[01m[Kros_exercises::primes_list[m[Kâ€™ {aka â€˜[01m[Kstruct ros_exercises::primes_list_<std::allocator<void> >[m[Kâ€™} does not name a type
   35 |  std::string to_string(const ros_exercises::primes_list::[01;31m[KRequest[m[K  &req) {
      |                                                          [01;31m[K^~~~~~~[m[K
[01m[K/home/muratbolu/catkin_ws/src/ros_exercises/include/ros_exercises/print_array.h:[m[K In function â€˜[01m[Kstd::string print_data::to_string(const int&)[m[Kâ€™:
[01m[K/home/muratbolu/catkin_ws/src/ros_exercises/include/ros_exercises/print_array.h:37:24:[m[K [01;31m[Kerror: [m[Krequest for member â€˜[01m[Kdata[m[Kâ€™ in â€˜[01m[Kreq[m[Kâ€™, which is of non-class type â€˜[01m[Kconst int[m[Kâ€™
   37 |   return to_string(req.[01;31m[Kdata[m[K);
      |                        [01;31m[K^~~~[m[K
In file included from [01m[K/opt/ros/noetic/include/ros/ros.h:40[m[K,
                 from [01m[K/home/muratbolu/catkin_ws/src/ros_exercises/src/prime_publisher.cpp:1[m[K:
[01m[K/home/muratbolu/catkin_ws/src/ros_exercises/src/prime_publisher.cpp:[m[K In function â€˜[01m[Kvoid printer_function(ros::Publisher&, ros::Rate&, const primes_list&)[m[Kâ€™:
[01m[K/home/muratbolu/catkin_ws/src/ros_exercises/src/prime_publisher.cpp:27:52:[m[K [01;31m[Kerror: [m[Kno matching function for call to â€˜[01m[Kto_string(const primes_list&)[m[Kâ€™
   27 |    ROS_INFO("%s", (print_data::to_string(primes_lst[01;31m[K)[m[K).c_str());
      |                                                    [01;31m[K^[m[K
[01m[K/opt/ros/noetic/include/ros/console.h:351:165:[m[K [01;36m[Knote: [m[Kin definition of macro â€˜[01m[KROSCONSOLE_PRINT_AT_LOCATION_WITH_FILTER[m[Kâ€™
  351 |     ::ros::console::print(filter, __rosconsole_define_location__loc.logger_, __rosconsole_define_location__loc.level_, __FILE__, __LINE__, __ROSCONSOLE_FUNCTION__, [01;36m[K__VA_ARGS__[m[K)
      |                                                                                                                                                                     [01;36m[K^~~~~~~~~~~[m[K
[01m[K/opt/ros/noetic/include/ros/console.h:390:7:[m[K [01;36m[Knote: [m[Kin expansion of macro â€˜[01m[KROSCONSOLE_PRINT_AT_LOCATION[m[Kâ€™
  390 |       [01;36m[KROSCONSOLE_PRINT_AT_LOCATION[m[K(__VA_ARGS__); \
      |       [01;36m[K^~~~~~~~~~~~~~~~~~~~~~~~~~~~[m[K
[01m[K/opt/ros/noetic/include/ros/console.h:575:35:[m[K [01;36m[Knote: [m[Kin expansion of macro â€˜[01m[KROS_LOG_COND[m[Kâ€™
  575 | #define ROS_LOG(level, name, ...) [01;36m[KROS_LOG_COND[m[K(true, level, name, __VA_ARGS__)
      |                                   [01;36m[K^~~~~~~~~~~~[m[K
[01m[K/opt/ros/noetic/include/rosconsole/macros_generated.h:110:23:[m[K [01;36m[Knote: [m[Kin expansion of macro â€˜[01m[KROS_LOG[m[Kâ€™
  110 | #define ROS_INFO(...) [01;36m[KROS_LOG[m[K(::ros::console::levels::Info, ROSCONSOLE_DEFAULT_NAME, __VA_ARGS__)
      |                       [01;36m[K^~~~~~~[m[K
[01m[K/home/muratbolu/catkin_ws/src/ros_exercises/src/prime_publisher.cpp:27:4:[m[K [01;36m[Knote: [m[Kin expansion of macro â€˜[01m[KROS_INFO[m[Kâ€™
   27 |    [01;36m[KROS_INFO[m[K("%s", (print_data::to_string(primes_lst)).c_str());
      |    [01;36m[K^~~~~~~~[m[K
In file included from [01m[K/home/muratbolu/catkin_ws/src/ros_exercises/src/prime_publisher.cpp:3[m[K:
[01m[K/home/muratbolu/catkin_ws/src/ros_exercises/include/ros_exercises/print_array.h:9:14:[m[K [01;36m[Knote: [m[Kcandidate: â€˜[01m[Ktemplate<class T> std::string print_data::to_string(const std::vector<T>&)[m[Kâ€™
    9 |  std::string [01;36m[Kto_string[m[K(const std::vector<T>  &vec) {
      |              [01;36m[K^~~~~~~~~[m[K
[01m[K/home/muratbolu/catkin_ws/src/ros_exercises/include/ros_exercises/print_array.h:9:14:[m[K [01;36m[Knote: [m[K  template argument deduction/substitution failed:
In file included from [01m[K/opt/ros/noetic/include/ros/ros.h:40[m[K,
                 from [01m[K/home/muratbolu/catkin_ws/src/ros_exercises/src/prime_publisher.cpp:1[m[K:
[01m[K/home/muratbolu/catkin_ws/src/ros_exercises/src/prime_publisher.cpp:27:52:[m[K [01;36m[Knote: [m[K  â€˜[01m[Kconst primes_list[m[Kâ€™ {aka â€˜[01m[Kconst ros_exercises::primes_list_<std::allocator<void> >[m[Kâ€™} is not derived from â€˜[01m[Kconst std::vector<T>[m[Kâ€™
   27 |    ROS_INFO("%s", (print_data::to_string(primes_lst[01;36m[K)[m[K).c_str());
      |                                                    [01;36m[K^[m[K
[01m[K/opt/ros/noetic/include/ros/console.h:351:165:[m[K [01;36m[Knote: [m[Kin definition of macro â€˜[01m[KROSCONSOLE_PRINT_AT_LOCATION_WITH_FILTER[m[Kâ€™
  351 |     ::ros::console::print(filter, __rosconsole_define_location__loc.logger_, __rosconsole_define_location__loc.level_, __FILE__, __LINE__, __ROSCONSOLE_FUNCTION__, [01;36m[K__VA_ARGS__[m[K)
      |                                                                                                                                                                     [01;36m[K^~~~~~~~~~~[m[K
[01m[K/opt/ros/noetic/include/ros/console.h:390:7:[m[K [01;36m[Knote: [m[Kin expansion of macro â€˜[01m[KROSCONSOLE_PRINT_AT_LOCATION[m[Kâ€™
  390 |       [01;36m[KROSCONSOLE_PRINT_AT_LOCATION[m[K(__VA_ARGS__); \
      |       [01;36m[K^~~~~~~~~~~~~~~~~~~~~~~~~~~~[m[K
[01m[K/opt/ros/noetic/include/ros/console.h:575:35:[m[K [01;36m[Knote: [m[Kin expansion of macro â€˜[01m[KROS_LOG_COND[m[Kâ€™
  575 | #define ROS_LOG(level, name, ...) [01;36m[KROS_LOG_COND[m[K(true, level, name, __VA_ARGS__)
      |                                   [01;36m[K^~~~~~~~~~~~[m[K
[01m[K/opt/ros/noetic/include/rosconsole/macros_generated.h:110:23:[m[K [01;36m[Knote: [m[Kin expansion of macro â€˜[01m[KROS_LOG[m[Kâ€™
  110 | #define ROS_INFO(...) [01;36m[KROS_LOG[m[K(::ros::console::levels::Info, ROSCONSOLE_DEFAULT_NAME, __VA_ARGS__)
      |                       [01;36m[K^~~~~~~[m[K
[01m[K/home/muratbolu/catkin_ws/src/ros_exercises/src/prime_publisher.cpp:27:4:[m[K [01;36m[Knote: [m[Kin expansion of macro â€˜[01m[KROS_INFO[m[Kâ€™
   27 |    [01;36m[KROS_INFO[m[K("%s", (print_data::to_string(primes_lst)).c_str());
      |    [01;36m[K^~~~~~~~[m[K
In file included from [01m[K/home/muratbolu/catkin_ws/src/ros_exercises/src/prime_publisher.cpp:3[m[K:
[01m[K/home/muratbolu/catkin_ws/src/ros_exercises/include/ros_exercises/print_array.h:23:14:[m[K [01;36m[Knote: [m[Kcandidate: â€˜[01m[Kstd::string print_data::to_string(const Request&)[m[Kâ€™
   23 |  std::string [01;36m[Kto_string[m[K(const ros_exercises::find_min_array::Request  &req) {
      |              [01;36m[K^~~~~~~~~[m[K
[01m[K/home/muratbolu/catkin_ws/src/ros_exercises/include/ros_exercises/print_array.h:23:71:[m[K [01;36m[Knote: [m[K  no known conversion for argument 1 from â€˜[01m[Kconst primes_list[m[Kâ€™ {aka â€˜[01m[Kconst ros_exercises::primes_list_<std::allocator<void> >[m[Kâ€™} to â€˜[01m[Kconst Request&[m[Kâ€™ {aka â€˜[01m[Kconst ros_exercises::find_min_arrayRequest_<std::allocator<void> >&[m[Kâ€™}
   23 |  std::string to_string([01;36m[Kconst ros_exercises::find_min_array::Request  &req[m[K) {
      |                        [01;36m[K~~~~~~~~~~~~~~~~~~~~~~~~~~~~~~~~~~~~~~~~~~~~~~~^~~[m[K
[01m[K/home/muratbolu/catkin_ws/src/ros_exercises/include/ros_exercises/print_array.h:29:14:[m[K [01;36m[Knote: [m[Kcandidate: â€˜[01m[Kstd::string print_data::to_string(const Request&)[m[Kâ€™
   29 |  std::string [01;36m[Kto_string[m[K(const ros_exercises::compute_statistics::Request  &req) {
      |              [01;36m[K^~~~~~~~~[m[K
[01m[K/home/muratbolu/catkin_ws/src/ros_exercises/include/ros_exercises/print_array.h:29:75:[m[K [01;36m[Knote: [m[K  no known conversion for argument 1 from â€˜[01m[Kconst primes_list[m[Kâ€™ {aka â€˜[01m[Kconst ros_exercises::primes_list_<std::allocator<void> >[m[Kâ€™} to â€˜[01m[Kconst Request&[m[Kâ€™ {aka â€˜[01m[Kconst ros_exercises::compute_statisticsRequest_<std::allocator<void> >&[m[Kâ€™}
   29 |  std::string to_string([01;36m[Kconst ros_exercises::compute_statistics::Request  &req[m[K) {
      |                        [01;36m[K~~~~~~~~~~~~~~~~~~~~~~~~~~~~~~~~~~~~~~~~~~~~~~~~~~~^~~[m[K
[01m[K/home/muratbolu/catkin_ws/src/ros_exercises/include/ros_exercises/print_array.h:35:14:[m[K [01;36m[Knote: [m[Kcandidate: â€˜[01m[Kstd::string print_data::to_string(const int&)[m[Kâ€™
   35 |  std::string [01;36m[Kto_string[m[K(const ros_exercises::primes_list::Request  &req) {
      |              [01;36m[K^~~~~~~~~[m[K
[01m[K/home/muratbolu/catkin_ws/src/ros_exercises/include/ros_exercises/print_array.h:35:68:[m[K [01;36m[Knote: [m[K  no known conversion for argument 1 from â€˜[01m[Kconst primes_list[m[Kâ€™ {aka â€˜[01m[Kconst ros_exercises::primes_list_<std::allocator<void> >[m[Kâ€™} to â€˜[01m[Kconst int&[m[Kâ€™
   35 |  std::string to_string([01;36m[Kconst ros_exercises::primes_list::Request  &req[m[K) {
      |                        [01;36m[K~~~~~~~~~~~~~~~~~~~~~~~~~~~~~~~~~~~~~~~~~~~~^~~[m[K
In file included from [01m[K/home/muratbolu/catkin_ws/src/ros_exercises/src/statistics_server.cpp:3[m[K:
[01m[K/home/muratbolu/catkin_ws/src/ros_exercises/include/ros_exercises/print_array.h:35:58:[m[K [01;31m[Kerror: [m[Kâ€˜[01m[KRequest[m[Kâ€™ in â€˜[01m[Kros_exercises::primes_list[m[Kâ€™ {aka â€˜[01m[Kstruct ros_exercises::primes_list_<std::allocator<void> >[m[Kâ€™} does not name a type
   35 |  std::string to_string(const ros_exercises::primes_list::[01;31m[KRequest[m[K  &req) {
      |                                                          [01;31m[K^~~~~~~[m[K
[01m[K/home/muratbolu/catkin_ws/src/ros_exercises/include/ros_exercises/print_array.h:[m[K In function â€˜[01m[Kstd::string print_data::to_string(const int&)[m[Kâ€™:
[01m[K/home/muratbolu/catkin_ws/src/ros_exercises/include/ros_exercises/print_array.h:37:24:[m[K [01;31m[Kerror: [m[Krequest for member â€˜[01m[Kdata[m[Kâ€™ in â€˜[01m[Kreq[m[Kâ€™, which is of non-class type â€˜[01m[Kconst int[m[Kâ€™
   37 |   return to_string(req.[01;31m[Kdata[m[K);
      |                        [01;31m[K^~~~[m[K
In file included from [01m[K/opt/ros/noetic/include/ros/ros.h:40[m[K,
                 from [01m[K/home/muratbolu/catkin_ws/src/ros_exercises/src/statistics_server.cpp:1[m[K:
[01m[K/home/muratbolu/catkin_ws/src/ros_exercises/src/statistics_server.cpp:[m[K In function â€˜[01m[Kbool statistics_callback(ros_exercises::compute_statistics::Request&, ros_exercises::compute_statistics::Response&)[m[Kâ€™:
[01m[K/home/muratbolu/catkin_ws/src/ros_exercises/src/statistics_server.cpp:53:18:[m[K [01;31m[Kerror: [m[Kâ€˜[01m[Kprint_array[m[Kâ€™ has not been declared
   53 |  ROS_INFO("%s", ([01;31m[Kprint_array[m[K::to_string(req)).c_str());
      |                  [01;31m[K^~~~~~~~~~~[m[K
[01m[K/opt/ros/noetic/include/ros/console.h:351:165:[m[K [01;36m[Knote: [m[Kin definition of macro â€˜[01m[KROSCONSOLE_PRINT_AT_LOCATION_WITH_FILTER[m[Kâ€™
  351 |     ::ros::console::print(filter, __rosconsole_define_location__loc.logger_, __rosconsole_define_location__loc.level_, __FILE__, __LINE__, __ROSCONSOLE_FUNCTION__, [01;36m[K__VA_ARGS__[m[K)
      |                                                                                                                                                                     [01;36m[K^~~~~~~~~~~[m[K
[01m[K/opt/ros/noetic/include/ros/console.h:390:7:[m[K [01;36m[Knote: [m[Kin expansion of macro â€˜[01m[KROSCONSOLE_PRINT_AT_LOCATION[m[Kâ€™
  390 |       [01;36m[KROSCONSOLE_PRINT_AT_LOCATION[m[K(__VA_ARGS__); \
      |       [01;36m[K^~~~~~~~~~~~~~~~~~~~~~~~~~~~[m[K
[01m[K/opt/ros/noetic/include/ros/console.h:575:35:[m[K [01;36m[Knote: [m[Kin expansion of macro â€˜[01m[KROS_LOG_COND[m[Kâ€™
  575 | #define ROS_LOG(level, name, ...) [01;36m[KROS_LOG_COND[m[K(true, level, name, __VA_ARGS__)
      |                                   [01;36m[K^~~~~~~~~~~~[m[K
[01m[K/opt/ros/noetic/include/rosconsole/macros_generated.h:110:23:[m[K [01;36m[Knote: [m[Kin expansion of macro â€˜[01m[KROS_LOG[m[Kâ€™
  110 | #define ROS_INFO(...) [01;36m[KROS_LOG[m[K(::ros::console::levels::Info, ROSCONSOLE_DEFAULT_NAME, __VA_ARGS__)
      |                       [01;36m[K^~~~~~~[m[K
[01m[K/home/muratbolu/catkin_ws/src/ros_exercises/src/statistics_server.cpp:53:2:[m[K [01;36m[Knote: [m[Kin expansion of macro â€˜[01m[KROS_INFO[m[Kâ€™
   53 |  [01;36m[KROS_INFO[m[K("%s", (print_array::to_string(req)).c_str());
      |  [01;36m[K^~~~~~~~[m[K
In file included from [01m[K/home/muratbolu/catkin_ws/src/ros_exercises/src/find_min_array_server.cpp:3[m[K:
[01m[K/home/muratbolu/catkin_ws/src/ros_exercises/include/ros_exercises/print_array.h:35:58:[m[K [01;31m[Kerror: [m[Kâ€˜[01m[KRequest[m[Kâ€™ in â€˜[01m[Kros_exercises::primes_list[m[Kâ€™ {aka â€˜[01m[Kstruct ros_exercises::primes_list_<std::allocator<void> >[m[Kâ€™} does not name a type
   35 |  std::string to_string(const ros_exercises::primes_list::[01;31m[KRequest[m[K  &req) {
      |                                                          [01;31m[K^~~~~~~[m[K
[01m[K/home/muratbolu/catkin_ws/src/ros_exercises/include/ros_exercises/print_array.h:[m[K In function â€˜[01m[Kstd::string print_data::to_string(const int&)[m[Kâ€™:
[01m[K/home/muratbolu/catkin_ws/src/ros_exercises/include/ros_exercises/print_array.h:37:24:[m[K [01;31m[Kerror: [m[Krequest for member â€˜[01m[Kdata[m[Kâ€™ in â€˜[01m[Kreq[m[Kâ€™, which is of non-class type â€˜[01m[Kconst int[m[Kâ€™
   37 |   return to_string(req.[01;31m[Kdata[m[K);
      |                        [01;31m[K^~~~[m[K
In file included from [01m[K/opt/ros/noetic/include/ros/ros.h:40[m[K,
                 from [01m[K/home/muratbolu/catkin_ws/src/ros_exercises/src/find_min_array_server.cpp:1[m[K:
[01m[K/home/muratbolu/catkin_ws/src/ros_exercises/src/find_min_array_server.cpp:[m[K In function â€˜[01m[Kbool find_min_array(ros_exercises::find_min_array::Request&, ros_exercises::find_min_array::Response&)[m[Kâ€™:
[01m[K/home/muratbolu/catkin_ws/src/ros_exercises/src/find_min_array_server.cpp:13:18:[m[K [01;31m[Kerror: [m[Kâ€˜[01m[Kprint_array[m[Kâ€™ has not been declared
   13 |  ROS_INFO("%s", ([01;31m[Kprint_array[m[K::to_string(req)).c_str());
      |                  [01;31m[K^~~~~~~~~~~[m[K
[01m[K/opt/ros/noetic/include/ros/console.h:351:165:[m[K [01;36m[Knote: [m[Kin definition of macro â€˜[01m[KROSCONSOLE_PRINT_AT_LOCATION_WITH_FILTER[m[Kâ€™
  351 |     ::ros::console::print(filter, __rosconsole_define_location__loc.logger_, __rosconsole_define_location__loc.level_, __FILE__, __LINE__, __ROSCONSOLE_FUNCTION__, [01;36m[K__VA_ARGS__[m[K)
      |                                                                                                                                                                     [01;36m[K^~~~~~~~~~~[m[K
[01m[K/opt/ros/noetic/include/ros/console.h:390:7:[m[K [01;36m[Knote: [m[Kin expansion of macro â€˜[01m[KROSCONSOLE_PRINT_AT_LOCATION[m[Kâ€™
  390 |       [01;36m[KROSCONSOLE_PRINT_AT_LOCATION[m[K(__VA_ARGS__); \
      |       [01;36m[K^~~~~~~~~~~~~~~~~~~~~~~~~~~~[m[K
[01m[K/opt/ros/noetic/include/ros/console.h:575:35:[m[K [01;36m[Knote: [m[Kin expansion of macro â€˜[01m[KROS_LOG_COND[m[Kâ€™
  575 | #define ROS_LOG(level, name, ...) [01;36m[KROS_LOG_COND[m[K(true, level, name, __VA_ARGS__)
      |                                   [01;36m[K^~~~~~~~~~~~[m[K
[01m[K/opt/ros/noetic/include/rosconsole/macros_generated.h:110:23:[m[K [01;36m[Knote: [m[Kin expansion of macro â€˜[01m[KROS_LOG[m[Kâ€™
  110 | #define ROS_INFO(...) [01;36m[KROS_LOG[m[K(::ros::console::levels::Info, ROSCONSOLE_DEFAULT_NAME, __VA_ARGS__)
      |                       [01;36m[K^~~~~~~[m[K
[01m[K/home/muratbolu/catkin_ws/src/ros_exercises/src/find_min_array_server.cpp:13:2:[m[K [01;36m[Knote: [m[Kin expansion of macro â€˜[01m[KROS_INFO[m[Kâ€™
   13 |  [01;36m[KROS_INFO[m[K("%s", (print_array::to_string(req)).c_str());
      |  [01;36m[K^~~~~~~~[m[K
[01m[K/home/muratbolu/catkin_ws/src/ros_exercises/src/statistics_client.cpp:[m[K In function â€˜[01m[Kint main(int, char**)[m[Kâ€™:
[01m[K/home/muratbolu/catkin_ws/src/ros_exercises/src/statistics_client.cpp:14:60:[m[K [01;31m[Kerror: [m[Kâ€˜[01m[Kros_exercises::compute_statistics::Request[m[Kâ€™ {aka â€˜[01m[Kstruct ros_exercises::compute_statisticsRequest_<std::allocator<void> >[m[Kâ€™} has no member named â€˜[01m[Kdata[m[Kâ€™
   14 |         for (int i = 0; i < input.size(); i++) srv.request.[01;31m[Kdata[m[K.push_back(input[i]);
      |                                                            [01;31m[K^~~~[m[K
make[2]: *** [CMakeFiles/statistics_server.dir/build.make:63: CMakeFiles/statistics_server.dir/src/statistics_server.cpp.o] Error 1
make[1]: *** [CMakeFiles/Makefile2:183: CMakeFiles/statistics_server.dir/all] Error 2
make[1]: *** Waiting for unfinished jobs....
make[2]: *** [CMakeFiles/prime_publisher.dir/build.make:63: CMakeFiles/prime_publisher.dir/src/prime_publisher.cpp.o] Error 1
make[1]: *** [CMakeFiles/Makefile2:529: CMakeFiles/prime_publisher.dir/all] Error 2
make[2]: *** [CMakeFiles/statistics_client.dir/build.make:63: CMakeFiles/statistics_client.dir/src/statistics_client.cpp.o] Error 1
make[1]: *** [CMakeFiles/Makefile2:556: CMakeFiles/statistics_client.dir/all] Error 2
make[2]: *** [CMakeFiles/find_min_array_server.dir/build.make:63: CMakeFiles/find_min_array_server.dir/src/find_min_array_server.cpp.o] Error 1
make[1]: *** [CMakeFiles/Makefile2:237: CMakeFiles/find_min_array_server.dir/all] Error 2
make: *** [Makefile:141: all] Error 2
