[01m[K/home/muratbolu/catkin_ws/src/ros_exercises/src/statistics_client.cpp:[m[K In function â€˜[01m[Kint main(int, char**)[m[Kâ€™:
[01m[K/home/muratbolu/catkin_ws/src/ros_exercises/src/statistics_client.cpp:14:93:[m[K [01;31m[Kerror: [m[Kinvalid conversion from â€˜[01m[Kint[m[Kâ€™ to â€˜[01m[Kconst char*[m[Kâ€™ [[01;31m[K-fpermissive[m[K]
   14 |         for (int i = 0; i < input.size(); i += 2) srv.request.array.push_back(atof(input[i] - '0'));
In file included from [01m[K/usr/include/features.h:461[m[K,
                 from [01m[K/usr/include/x86_64-linux-gnu/c++/9/bits/os_defines.h:39[m[K,
                 from [01m[K/usr/include/x86_64-linux-gnu/c++/9/bits/c++config.h:524[m[K,
                 from [01m[K/usr/include/c++/9/cstdlib:41[m[K,
                 from [01m[K/usr/include/c++/9/stdlib.h:36[m[K,
                 from [01m[K/opt/ros/noetic/include/ros/platform.h:37[m[K,
                 from [01m[K/opt/ros/noetic/include/ros/time.h:53[m[K,
                 from [01m[K/opt/ros/noetic/include/ros/ros.h:38[m[K,
                 from [01m[K/home/muratbolu/catkin_ws/src/ros_exercises/src/statistics_client.cpp:1[m[K:
[01m[K/usr/include/x86_64-linux-gnu/bits/stdlib-float.h:25:1:[m[K [01;36m[Knote: [m[K  initializing argument 1 of â€˜[01m[Kdouble atof(const char*)[m[Kâ€™
   25 | [01;36m[K__NTH[m[K (atof (const char *__nptr))
      | [01;36m[K^~~~~[m[K
make[2]: *** [CMakeFiles/statistics_client.dir/build.make:63: CMakeFiles/statistics_client.dir/src/statistics_client.cpp.o] Error 1
make[1]: *** [CMakeFiles/Makefile2:480: CMakeFiles/statistics_client.dir/all] Error 2
make: *** [Makefile:141: all] Error 2
