[01m[K/home/muratbolu/catkin_ws/src/ros_exercises/src/prime_publisher.cpp:[m[K In function â€˜[01m[Kint main(int, char**)[m[Kâ€™:
[01m[K/home/muratbolu/catkin_ws/src/ros_exercises/src/prime_publisher.cpp:7:17:[m[K [01;31m[Kerror: [m[Kâ€˜[01m[Kprime_application[m[Kâ€™ is not a member of â€˜[01m[Kros_exercises[m[Kâ€™; did you mean â€˜[01m[Kprime_application[m[Kâ€™?
    7 |  ros_exercises::[01;31m[Kprime_application[m[K obj;
      |                 [01;31m[K^~~~~~~~~~~~~~~~~[m[K
In file included from [01m[K/home/muratbolu/catkin_ws/src/ros_exercises/src/prime_publisher.cpp:2[m[K:
[01m[K/home/muratbolu/catkin_ws/src/ros_exercises/include/ros_exercises/prime.h:42:7:[m[K [01;36m[Knote: [m[Kâ€˜[01m[Kprime_application[m[Kâ€™ declared here
   42 | class [01;36m[Kprime_application[m[K {
      |       [01;36m[K^~~~~~~~~~~~~~~~~[m[K
make[2]: *** [CMakeFiles/prime_publisher.dir/build.make:63: CMakeFiles/prime_publisher.dir/src/prime_publisher.cpp.o] Error 1
make[1]: *** [CMakeFiles/Makefile2:529: CMakeFiles/prime_publisher.dir/all] Error 2
make: *** [Makefile:141: all] Error 2
