[01m[K/home/muratbolu/catkin_ws/src/ros_exercises/src/prime_publisher.cpp:7:41:[m[K [01;31m[Kerror: [m[Kvariable or field â€˜[01m[Kcalculator_function[m[Kâ€™ declared void
    7 | void calculator_function(ros_exercises::[01;31m[Kprimes_List[m[K &primes_lst
      |                                         [01;31m[K^~~~~~~~~~~[m[K
[01m[K/home/muratbolu/catkin_ws/src/ros_exercises/src/prime_publisher.cpp:7:41:[m[K [01;31m[Kerror: [m[Kâ€˜[01m[Kprimes_List[m[Kâ€™ is not a member of â€˜[01m[Kros_exercises[m[Kâ€™; did you mean â€˜[01m[Kprimes_list[m[Kâ€™?
    7 | void calculator_function(ros_exercises::[01;31m[Kprimes_List[m[K &primes_lst
      |                                         [01;31m[K^~~~~~~~~~~[m[K
      |                                         [32m[Kprimes_list[m[K
[01m[K/home/muratbolu/catkin_ws/src/ros_exercises/src/prime_publisher.cpp:7:54:[m[K [01;31m[Kerror: [m[Kâ€˜[01m[Kprimes_lst[m[Kâ€™ was not declared in this scope
    7 | void calculator_function(ros_exercises::primes_List &[01;31m[Kprimes_lst[m[K
      |                                                      [01;31m[K^~~~~~~~~~[m[K
[01m[K/home/muratbolu/catkin_ws/src/ros_exercises/src/prime_publisher.cpp:[m[K In function â€˜[01m[Kint main(int, char**)[m[Kâ€™:
[01m[K/home/muratbolu/catkin_ws/src/ros_exercises/src/prime_publisher.cpp:35:27:[m[K [01;31m[Kerror: [m[Kâ€˜[01m[Kcalculator_function[m[Kâ€™ was not declared in this scope
   35 |  std::thread prime_thread([01;31m[Kcalculator_function[m[K, primes_lst, prime_object);
      |                           [01;31m[K^~~~~~~~~~~~~~~~~~~[m[K
In file included from [01m[K/home/muratbolu/catkin_ws/src/ros_exercises/src/prime_publisher.cpp:5[m[K:
/usr/include/c++/9/thread: In instantiation of â€˜[01m[Kstd::thread::thread(_Callable&&, _Args&& ...) [with _Callable = void (&)(ros::Publisher&, ros::Rate&, ros_exercises::primes_list_<std::allocator<void> >&); _Args = {ros::Publisher&, ros::Rate&, ros_exercises::primes_list_<std::allocator<void> >&}; <template-parameter-1-3> = void][m[Kâ€™:
[01m[K/home/muratbolu/catkin_ws/src/ros_exercises/src/prime_publisher.cpp:36:79:[m[K   required from here
[01m[K/usr/include/c++/9/thread:120:44:[m[K [01;31m[Kerror: [m[Kstatic assertion failed: std::thread arguments must be invocable after conversion to rvalues
  120 |           typename decay<_Args>::type...>::[01;31m[Kvalue[m[K,
      |                                            [01;31m[K^~~~~[m[K
/usr/include/c++/9/thread: In instantiation of â€˜[01m[Kstruct std::thread::_Invoker<std::tuple<void (*)(ros::Publisher&, ros::Rate&, ros_exercises::primes_list_<std::allocator<void> >&), ros::Publisher, ros::Rate, ros_exercises::primes_list_<std::allocator<void> > > >[m[Kâ€™:
[01m[K/usr/include/c++/9/thread:131:22:[m[K   required from â€˜[01m[Kstd::thread::thread(_Callable&&, _Args&& ...) [with _Callable = void (&)(ros::Publisher&, ros::Rate&, ros_exercises::primes_list_<std::allocator<void> >&); _Args = {ros::Publisher&, ros::Rate&, ros_exercises::primes_list_<std::allocator<void> >&}; <template-parameter-1-3> = void][m[Kâ€™
[01m[K/home/muratbolu/catkin_ws/src/ros_exercises/src/prime_publisher.cpp:36:79:[m[K   required from here
[01m[K/usr/include/c++/9/thread:243:4:[m[K [01;31m[Kerror: [m[Kno type named â€˜[01m[Ktype[m[Kâ€™ in â€˜[01m[Kstruct std::thread::_Invoker<std::tuple<void (*)(ros::Publisher&, ros::Rate&, ros_exercises::primes_list_<std::allocator<void> >&), ros::Publisher, ros::Rate, ros_exercises::primes_list_<std::allocator<void> > > >::__result<std::tuple<void (*)(ros::Publisher&, ros::Rate&, ros_exercises::primes_list_<std::allocator<void> >&), ros::Publisher, ros::Rate, ros_exercises::primes_list_<std::allocator<void> > > >[m[Kâ€™
  243 |    [01;31m[K_M_invoke[m[K(_Index_tuple<_Ind...>)
      |    [01;31m[K^~~~~~~~~[m[K
[01m[K/usr/include/c++/9/thread:247:2:[m[K [01;31m[Kerror: [m[Kno type named â€˜[01m[Ktype[m[Kâ€™ in â€˜[01m[Kstruct std::thread::_Invoker<std::tuple<void (*)(ros::Publisher&, ros::Rate&, ros_exercises::primes_list_<std::allocator<void> >&), ros::Publisher, ros::Rate, ros_exercises::primes_list_<std::allocator<void> > > >::__result<std::tuple<void (*)(ros::Publisher&, ros::Rate&, ros_exercises::primes_list_<std::allocator<void> >&), ros::Publisher, ros::Rate, ros_exercises::primes_list_<std::allocator<void> > > >[m[Kâ€™
  247 |  [01;31m[Koperator[m[K()()
      |  [01;31m[K^~~~~~~~[m[K
make[2]: *** [CMakeFiles/prime_publisher.dir/build.make:63: CMakeFiles/prime_publisher.dir/src/prime_publisher.cpp.o] Error 1
make[1]: *** [CMakeFiles/Makefile2:515: CMakeFiles/prime_publisher.dir/all] Error 2
make: *** [Makefile:141: all] Error 2
