[01m[K/home/muratbolu/catkin_ws/src/ros_exercises/src/prime.cpp:[m[K In constructor â€˜[01m[Kprime_application::prime_application()[m[Kâ€™:
[01m[K/home/muratbolu/catkin_ws/src/ros_exercises/src/prime.cpp:3:38:[m[K [01;31m[Kerror: [m[Kno matching function for call to â€˜[01m[Kros::Rate::Rate()[m[Kâ€™
    3 | prime_application::prime_application([01;31m[K)[m[K {
      |                                      [01;31m[K^[m[K
In file included from [01m[K/opt/ros/noetic/include/ros/ros.h:39[m[K,
                 from [01m[K/home/muratbolu/catkin_ws/src/ros_exercises/include/ros_exercises/prime.h:1[m[K,
                 from [01m[K/home/muratbolu/catkin_ws/src/ros_exercises/src/prime.cpp:1[m[K:
[01m[K/opt/ros/noetic/include/ros/rate.h:59:12:[m[K [01;36m[Knote: [m[Kcandidate: â€˜[01m[Kros::Rate::Rate(const ros::Duration&)[m[Kâ€™
   59 |   explicit [01;36m[KRate[m[K(const Duration&);
      |            [01;36m[K^~~~[m[K
[01m[K/opt/ros/noetic/include/ros/rate.h:59:12:[m[K [01;36m[Knote: [m[K  candidate expects 1 argument, 0 provided
[01m[K/opt/ros/noetic/include/ros/rate.h:58:3:[m[K [01;36m[Knote: [m[Kcandidate: â€˜[01m[Kros::Rate::Rate(double)[m[Kâ€™
   58 |   [01;36m[KRate[m[K(double frequency);
      |   [01;36m[K^~~~[m[K
[01m[K/opt/ros/noetic/include/ros/rate.h:58:3:[m[K [01;36m[Knote: [m[K  candidate expects 1 argument, 0 provided
[01m[K/opt/ros/noetic/include/ros/rate.h:51:20:[m[K [01;36m[Knote: [m[Kcandidate: â€˜[01m[Kconstexpr ros::Rate::Rate(const ros::Rate&)[m[Kâ€™
   51 | class ROSTIME_DECL [01;36m[KRate[m[K
      |                    [01;36m[K^~~~[m[K
[01m[K/opt/ros/noetic/include/ros/rate.h:51:20:[m[K [01;36m[Knote: [m[K  candidate expects 1 argument, 0 provided
[01m[K/opt/ros/noetic/include/ros/rate.h:51:20:[m[K [01;36m[Knote: [m[Kcandidate: â€˜[01m[Kconstexpr ros::Rate::Rate(ros::Rate&&)[m[Kâ€™
[01m[K/opt/ros/noetic/include/ros/rate.h:51:20:[m[K [01;36m[Knote: [m[K  candidate expects 1 argument, 0 provided
[01m[K/home/muratbolu/catkin_ws/src/ros_exercises/src/prime.cpp:3:38:[m[K [01;31m[Kerror: [m[Kno matching function for call to â€˜[01m[Kros::Rate::Rate()[m[Kâ€™
    3 | prime_application::prime_application([01;31m[K)[m[K {
      |                                      [01;31m[K^[m[K
In file included from [01m[K/opt/ros/noetic/include/ros/ros.h:39[m[K,
                 from [01m[K/home/muratbolu/catkin_ws/src/ros_exercises/include/ros_exercises/prime.h:1[m[K,
                 from [01m[K/home/muratbolu/catkin_ws/src/ros_exercises/src/prime.cpp:1[m[K:
[01m[K/opt/ros/noetic/include/ros/rate.h:59:12:[m[K [01;36m[Knote: [m[Kcandidate: â€˜[01m[Kros::Rate::Rate(const ros::Duration&)[m[Kâ€™
   59 |   explicit [01;36m[KRate[m[K(const Duration&);
      |            [01;36m[K^~~~[m[K
[01m[K/opt/ros/noetic/include/ros/rate.h:59:12:[m[K [01;36m[Knote: [m[K  candidate expects 1 argument, 0 provided
[01m[K/opt/ros/noetic/include/ros/rate.h:58:3:[m[K [01;36m[Knote: [m[Kcandidate: â€˜[01m[Kros::Rate::Rate(double)[m[Kâ€™
   58 |   [01;36m[KRate[m[K(double frequency);
      |   [01;36m[K^~~~[m[K
[01m[K/opt/ros/noetic/include/ros/rate.h:58:3:[m[K [01;36m[Knote: [m[K  candidate expects 1 argument, 0 provided
[01m[K/opt/ros/noetic/include/ros/rate.h:51:20:[m[K [01;36m[Knote: [m[Kcandidate: â€˜[01m[Kconstexpr ros::Rate::Rate(const ros::Rate&)[m[Kâ€™
   51 | class ROSTIME_DECL [01;36m[KRate[m[K
      |                    [01;36m[K^~~~[m[K
[01m[K/opt/ros/noetic/include/ros/rate.h:51:20:[m[K [01;36m[Knote: [m[K  candidate expects 1 argument, 0 provided
[01m[K/opt/ros/noetic/include/ros/rate.h:51:20:[m[K [01;36m[Knote: [m[Kcandidate: â€˜[01m[Kconstexpr ros::Rate::Rate(ros::Rate&&)[m[Kâ€™
[01m[K/opt/ros/noetic/include/ros/rate.h:51:20:[m[K [01;36m[Knote: [m[K  candidate expects 1 argument, 0 provided
[01m[K/home/muratbolu/catkin_ws/src/ros_exercises/src/prime.cpp:3:38:[m[K [01;31m[Kerror: [m[Kno matching function for call to â€˜[01m[Kros::Rate::Rate()[m[Kâ€™
    3 | prime_application::prime_application([01;31m[K)[m[K {
      |                                      [01;31m[K^[m[K
In file included from [01m[K/opt/ros/noetic/include/ros/ros.h:39[m[K,
                 from [01m[K/home/muratbolu/catkin_ws/src/ros_exercises/include/ros_exercises/prime.h:1[m[K,
                 from [01m[K/home/muratbolu/catkin_ws/src/ros_exercises/src/prime.cpp:1[m[K:
[01m[K/opt/ros/noetic/include/ros/rate.h:59:12:[m[K [01;36m[Knote: [m[Kcandidate: â€˜[01m[Kros::Rate::Rate(const ros::Duration&)[m[Kâ€™
   59 |   explicit [01;36m[KRate[m[K(const Duration&);
      |            [01;36m[K^~~~[m[K
[01m[K/opt/ros/noetic/include/ros/rate.h:59:12:[m[K [01;36m[Knote: [m[K  candidate expects 1 argument, 0 provided
[01m[K/opt/ros/noetic/include/ros/rate.h:58:3:[m[K [01;36m[Knote: [m[Kcandidate: â€˜[01m[Kros::Rate::Rate(double)[m[Kâ€™
   58 |   [01;36m[KRate[m[K(double frequency);
      |   [01;36m[K^~~~[m[K
[01m[K/opt/ros/noetic/include/ros/rate.h:58:3:[m[K [01;36m[Knote: [m[K  candidate expects 1 argument, 0 provided
[01m[K/opt/ros/noetic/include/ros/rate.h:51:20:[m[K [01;36m[Knote: [m[Kcandidate: â€˜[01m[Kconstexpr ros::Rate::Rate(const ros::Rate&)[m[Kâ€™
   51 | class ROSTIME_DECL [01;36m[KRate[m[K
      |                    [01;36m[K^~~~[m[K
[01m[K/opt/ros/noetic/include/ros/rate.h:51:20:[m[K [01;36m[Knote: [m[K  candidate expects 1 argument, 0 provided
[01m[K/opt/ros/noetic/include/ros/rate.h:51:20:[m[K [01;36m[Knote: [m[Kcandidate: â€˜[01m[Kconstexpr ros::Rate::Rate(ros::Rate&&)[m[Kâ€™
[01m[K/opt/ros/noetic/include/ros/rate.h:51:20:[m[K [01;36m[Knote: [m[K  candidate expects 1 argument, 0 provided
[01m[K/home/muratbolu/catkin_ws/src/ros_exercises/src/prime.cpp:9:34:[m[K [01;31m[Kerror: [m[Kinvalid use of non-static member function â€˜[01m[Kvoid prime_application::calculator_function()[m[Kâ€™
    9 |  calculator_thread = std::thread([01;31m[Kcalculator_function[m[K);
      |                                  [01;31m[K^~~~~~~~~~~~~~~~~~~[m[K
In file included from [01m[K/home/muratbolu/catkin_ws/src/ros_exercises/src/prime.cpp:1[m[K:
[01m[K/home/muratbolu/catkin_ws/src/ros_exercises/include/ros_exercises/prime.h:60:14:[m[K [01;36m[Knote: [m[Kdeclared here
   60 |         void [01;36m[Kcalculator_function[m[K();
      |              [01;36m[K^~~~~~~~~~~~~~~~~~~[m[K
[01m[K/home/muratbolu/catkin_ws/src/ros_exercises/src/prime.cpp:10:31:[m[K [01;31m[Kerror: [m[Kinvalid use of non-static member function â€˜[01m[Kvoid prime_application::printer_function()[m[Kâ€™
   10 |  printer_thread = std::thread([01;31m[Kprinter_function[m[K);
      |                               [01;31m[K^~~~~~~~~~~~~~~~[m[K
In file included from [01m[K/home/muratbolu/catkin_ws/src/ros_exercises/src/prime.cpp:1[m[K:
[01m[K/home/muratbolu/catkin_ws/src/ros_exercises/include/ros_exercises/prime.h:61:14:[m[K [01;36m[Knote: [m[Kdeclared here
   61 |         void [01;36m[Kprinter_function[m[K();
      |              [01;36m[K^~~~~~~~~~~~~~~~[m[K
[01m[K/home/muratbolu/catkin_ws/src/ros_exercises/src/prime.cpp:11:33:[m[K [01;31m[Kerror: [m[Kinvalid use of non-static member function â€˜[01m[Kvoid prime_application::publisher_function()[m[Kâ€™
   11 |  publisher_thread = std::thread([01;31m[Kpublisher_function[m[K);
      |                                 [01;31m[K^~~~~~~~~~~~~~~~~~[m[K
In file included from [01m[K/home/muratbolu/catkin_ws/src/ros_exercises/src/prime.cpp:1[m[K:
[01m[K/home/muratbolu/catkin_ws/src/ros_exercises/include/ros_exercises/prime.h:62:14:[m[K [01;36m[Knote: [m[Kdeclared here
   62 |         void [01;36m[Kpublisher_function[m[K();
      |              [01;36m[K^~~~~~~~~~~~~~~~~~[m[K
[01m[K/home/muratbolu/catkin_ws/src/ros_exercises/src/prime.cpp:[m[K In member function â€˜[01m[Kvoid prime_application::calculator_function()[m[Kâ€™:
[01m[K/home/muratbolu/catkin_ws/src/ros_exercises/src/prime.cpp:30:19:[m[K [01;31m[Kerror: [m[Kbase operand of â€˜[01m[K->[m[Kâ€™ has non-pointer type â€˜[01m[Kros::Rate[m[Kâ€™
   30 |   calculator_rate [01;31m[K->[m[K sleep();
      |                   [01;31m[K^~[m[K
[01m[K/home/muratbolu/catkin_ws/src/ros_exercises/src/prime.cpp:[m[K In member function â€˜[01m[Kvoid prime_application::printer_function()[m[Kâ€™:
[01m[K/home/muratbolu/catkin_ws/src/ros_exercises/src/prime.cpp:42:16:[m[K [01;31m[Kerror: [m[Kbase operand of â€˜[01m[K->[m[Kâ€™ has non-pointer type â€˜[01m[Kros::Rate[m[Kâ€™
   42 |   printer_rate [01;31m[K->[m[K sleep();
      |                [01;31m[K^~[m[K
[01m[K/home/muratbolu/catkin_ws/src/ros_exercises/src/prime.cpp:[m[K In member function â€˜[01m[Kvoid prime_application::publisher_function()[m[Kâ€™:
[01m[K/home/muratbolu/catkin_ws/src/ros_exercises/src/prime.cpp:54:18:[m[K [01;31m[Kerror: [m[Kbase operand of â€˜[01m[K->[m[Kâ€™ has non-pointer type â€˜[01m[Kros::Rate[m[Kâ€™
   54 |   publisher_rate [01;31m[K->[m[K sleep();
      |                  [01;31m[K^~[m[K
[01m[K/home/muratbolu/catkin_ws/src/ros_exercises/src/prime_publisher.cpp:[m[K In function â€˜[01m[Kint main(int, char**)[m[Kâ€™:
[01m[K/home/muratbolu/catkin_ws/src/ros_exercises/src/prime_publisher.cpp:7:2:[m[K [01;31m[Kerror: [m[Kâ€˜[01m[Kprime[m[Kâ€™ has not been declared
    7 |  [01;31m[Kprime[m[K::prime_application obj;
      |  [01;31m[K^~~~~[m[K
make[2]: *** [CMakeFiles/prime_publisher.dir/build.make:63: CMakeFiles/prime_publisher.dir/src/prime_publisher.cpp.o] Error 1
make[1]: *** [CMakeFiles/Makefile2:531: CMakeFiles/prime_publisher.dir/all] Error 2
make[1]: *** Waiting for unfinished jobs....
make[2]: *** [CMakeFiles/prime.dir/build.make:63: CMakeFiles/prime.dir/src/prime.cpp.o] Error 1
make[1]: *** [CMakeFiles/Makefile2:958: CMakeFiles/prime.dir/all] Error 2
make: *** [Makefile:141: all] Error 2
