/usr/bin/ld: /usr/lib/gcc/x86_64-linux-gnu/9/../../../x86_64-linux-gnu/Scrt1.o: in function `_start':
(.text+0x24): undefined reference to `main'
collect2: error: ld returned 1 exit status
make[2]: *** [CMakeFiles/prime.dir/build.make:101: /home/muratbolu/catkin_ws/devel/.private/ros_exercises/lib/ros_exercises/prime] Error 1
make[1]: *** [CMakeFiles/Makefile2:958: CMakeFiles/prime.dir/all] Error 2
make[1]: *** Waiting for unfinished jobs....
[01m[K/home/muratbolu/catkin_ws/src/ros_exercises/src/prime_publisher.cpp:2:10:[m[K [01;31m[Kfatal error: [m[Kprime.h: No such file or directory
    2 | #include [01;31m[K<prime.h>[m[K
      |          [01;31m[K^~~~~~~~~[m[K
compilation terminated.
make[2]: *** [CMakeFiles/prime_publisher.dir/build.make:63: CMakeFiles/prime_publisher.dir/src/prime_publisher.cpp.o] Error 1
make[1]: *** [CMakeFiles/Makefile2:531: CMakeFiles/prime_publisher.dir/all] Error 2
make: *** [Makefile:141: all] Error 2
