[01m[K/home/muratbolu/catkin_ws/src/ros_exercises/src/prime_publisher.cpp:[m[K In function â€˜[01m[Kint main(int, char**)[m[Kâ€™:
[01m[K/home/muratbolu/catkin_ws/src/ros_exercises/src/prime_publisher.cpp:14:8:[m[K [01;31m[Kerror: [m[Kexpected primary-expression before â€˜[01m[Kprimes[m[Kâ€™
   14 |  prime [01;31m[Kprimes[m[K;
      |        [01;31m[K^~~~~~[m[K
[01m[K/home/muratbolu/catkin_ws/src/ros_exercises/src/prime_publisher.cpp:16:30:[m[K [01;31m[Kerror: [m[Kâ€˜[01m[Kprimes[m[Kâ€™ was not declared in this scope; did you mean â€˜[01m[Kprime[m[Kâ€™?
   16 |   primes_lst.array.push_back([01;31m[Kprimes[m[K.next_prime());
      |                              [01;31m[K^~~~~~[m[K
      |                              [32m[Kprime[m[K
make[2]: *** [CMakeFiles/prime_publisher.dir/build.make:63: CMakeFiles/prime_publisher.dir/src/prime_publisher.cpp.o] Error 1
make[1]: *** [CMakeFiles/Makefile2:515: CMakeFiles/prime_publisher.dir/all] Error 2
make: *** [Makefile:141: all] Error 2
