[01m[K/home/muratbolu/catkin_ws/src/ros_exercises/src/statistics_client.cpp:[m[K In function â€˜[01m[Kint main(int, char**)[m[Kâ€™:
[01m[K/home/muratbolu/catkin_ws/src/ros_exercises/src/statistics_client.cpp:12:31:[m[K [01;31m[Kerror: [m[Kâ€˜[01m[Kinput[m[Kâ€™ was not declared in this scope
   12 |     if(node.getParam("input", [01;31m[Kinput[m[K)) {
      |                               [01;31m[K^~~~~[m[K
make[2]: *** [CMakeFiles/statistics_client.dir/build.make:63: CMakeFiles/statistics_client.dir/src/statistics_client.cpp.o] Error 1
make[1]: *** [CMakeFiles/Makefile2:480: CMakeFiles/statistics_client.dir/all] Error 2
make[1]: *** Waiting for unfinished jobs....
make: *** [Makefile:141: all] Error 2
