[01m[K/home/muratbolu/catkin_ws/src/ros_exercises/src/prime_publisher.cpp:[m[K In function â€˜[01m[Kint main(int, char**)[m[Kâ€™:
[01m[K/home/muratbolu/catkin_ws/src/ros_exercises/src/prime_publisher.cpp:15:21:[m[K [01;31m[Kerror: [m[Kâ€˜[01m[Kprimes_list[m[Kâ€™ was not declared in this scope; did you mean â€˜[01m[Kros_exercises::primes_list[m[Kâ€™?
   15 |   prime_pub.publish([01;31m[Kprimes_list[m[K.lst);
      |                     [01;31m[K^~~~~~~~~~~[m[K
      |                     [32m[Kros_exercises::primes_list[m[K
In file included from [01m[K/home/muratbolu/catkin_ws/src/ros_exercises/src/prime_publisher.cpp:2[m[K:
[01m[K/home/muratbolu/catkin_ws/devel/.private/ros_exercises/include/ros_exercises/primes_list.h:48:62:[m[K [01;36m[Knote: [m[Kâ€˜[01m[Kros_exercises::primes_list[m[Kâ€™ declared here
   48 | typedef ::ros_exercises::primes_list_<std::allocator<void> > [01;36m[Kprimes_list[m[K;
      |                                                              [01;36m[K^~~~~~~~~~~[m[K
make[2]: *** [CMakeFiles/prime_publisher.dir/build.make:63: CMakeFiles/prime_publisher.dir/src/prime_publisher.cpp.o] Error 1
make[1]: *** [CMakeFiles/Makefile2:515: CMakeFiles/prime_publisher.dir/all] Error 2
make: *** [Makefile:141: all] Error 2
