/usr/bin/ld: CMakeFiles/prime_publisher.dir/src/prime_publisher.cpp.o: in function `main':
prime_publisher.cpp:(.text.startup+0x89): undefined reference to `prime_application::prime_application()'
/usr/bin/ld: prime_publisher.cpp:(.text.startup+0x91): undefined reference to `prime_application::~prime_application()'
collect2: error: ld returned 1 exit status
make[2]: *** [CMakeFiles/prime_publisher.dir/build.make:101: /home/muratbolu/catkin_ws/devel/.private/ros_exercises/lib/ros_exercises/prime_publisher] Error 1
make[1]: *** [CMakeFiles/Makefile2:531: CMakeFiles/prime_publisher.dir/all] Error 2
make[1]: *** Waiting for unfinished jobs....
In file included from [01m[K/home/muratbolu/catkin_ws/src/ros_exercises/include/ros_exercises/prime.h:5[m[K,
                 from [01m[K/home/muratbolu/catkin_ws/src/ros_exercises/src/prime.cpp:1[m[K:
/usr/include/c++/9/thread: In instantiation of â€˜[01m[Kstatic std::thread::_Invoker<std::tuple<typename std::decay<_Tp>::type, typename std::decay<_Args>::type ...> > std::thread::__make_invoker(_Callable&&, _Args&& ...) [with _Callable = void (prime_application::*)(); _Args = {prime_application}; typename std::decay<_Tp>::type = void (prime_application::*)()][m[Kâ€™:
[01m[K/usr/include/c++/9/thread:131:22:[m[K   required from â€˜[01m[Kstd::thread::thread(_Callable&&, _Args&& ...) [with _Callable = void (prime_application::*)(); _Args = {prime_application}; <template-parameter-1-3> = void][m[Kâ€™
[01m[K/home/muratbolu/catkin_ws/src/ros_exercises/src/prime.cpp:8:94:[m[K   required from here
[01m[K/usr/include/c++/9/thread:267:4:[m[K [01;31m[Kerror: [m[Kno matching function for call to â€˜[01m[Kstd::tuple<void (prime_application::*)(), prime_application>::tuple(<brace-enclosed initializer list>)[m[Kâ€™
  267 |  } [01;31m[K}[m[K;
      |    [01;31m[K^[m[K
In file included from [01m[K/usr/include/c++/9/bits/unique_ptr.h:37[m[K,
                 from [01m[K/usr/include/c++/9/bits/locale_conv.h:41[m[K,
                 from [01m[K/usr/include/c++/9/locale:43[m[K,
                 from [01m[K/usr/include/c++/9/iomanip:43[m[K,
                 from [01m[K/usr/include/boost/math/policies/error_handling.hpp:12[m[K,
                 from [01m[K/usr/include/boost/math/special_functions/round.hpp:14[m[K,
                 from [01m[K/opt/ros/noetic/include/ros/time.h:58[m[K,
                 from [01m[K/opt/ros/noetic/include/ros/ros.h:38[m[K,
                 from [01m[K/home/muratbolu/catkin_ws/src/ros_exercises/include/ros_exercises/prime.h:1[m[K,
                 from [01m[K/home/muratbolu/catkin_ws/src/ros_exercises/src/prime.cpp:1[m[K:
[01m[K/usr/include/c++/9/tuple:1199:18:[m[K [01;36m[Knote: [m[Kcandidate: â€˜[01m[Ktemplate<class _Alloc, class _U1, class _U2, typename std::enable_if<(_MoveConstructibleTuple<_U1, _U2>() && (! _ImplicitlyMoveConvertibleTuple<_U1, _U2>())), bool>::type <anonymous> > std::tuple<_T1, _T2>::tuple(std::allocator_arg_t, const _Alloc&, std::pair<_U1, _U2>&&)[m[Kâ€™
 1199 |         explicit [01;36m[Ktuple[m[K(allocator_arg_t __tag, const _Alloc& __a,
      |                  [01;36m[K^~~~~[m[K
[01m[K/usr/include/c++/9/tuple:1199:18:[m[K [01;36m[Knote: [m[K  template argument deduction/substitution failed:
In file included from [01m[K/home/muratbolu/catkin_ws/src/ros_exercises/include/ros_exercises/prime.h:5[m[K,
                 from [01m[K/home/muratbolu/catkin_ws/src/ros_exercises/src/prime.cpp:1[m[K:
[01m[K/usr/include/c++/9/thread:267:4:[m[K [01;36m[Knote: [m[K  candidate expects 3 arguments, 2 provided
  267 |  } [01;36m[K}[m[K;
      |    [01;36m[K^[m[K
In file included from [01m[K/usr/include/c++/9/bits/unique_ptr.h:37[m[K,
                 from [01m[K/usr/include/c++/9/bits/locale_conv.h:41[m[K,
                 from [01m[K/usr/include/c++/9/locale:43[m[K,
                 from [01m[K/usr/include/c++/9/iomanip:43[m[K,
                 from [01m[K/usr/include/boost/math/policies/error_handling.hpp:12[m[K,
                 from [01m[K/usr/include/boost/math/special_functions/round.hpp:14[m[K,
                 from [01m[K/opt/ros/noetic/include/ros/time.h:58[m[K,
                 from [01m[K/opt/ros/noetic/include/ros/ros.h:38[m[K,
                 from [01m[K/home/muratbolu/catkin_ws/src/ros_exercises/include/ros_exercises/prime.h:1[m[K,
                 from [01m[K/home/muratbolu/catkin_ws/src/ros_exercises/src/prime.cpp:1[m[K:
[01m[K/usr/include/c++/9/tuple:1189:9:[m[K [01;36m[Knote: [m[Kcandidate: â€˜[01m[Ktemplate<class _Alloc, class _U1, class _U2, typename std::enable_if<(_MoveConstructibleTuple<_U1, _U2>() && _ImplicitlyMoveConvertibleTuple<_U1, _U2>()), bool>::type <anonymous> > std::tuple<_T1, _T2>::tuple(std::allocator_arg_t, const _Alloc&, std::pair<_U1, _U2>&&)[m[Kâ€™
 1189 |         [01;36m[Ktuple[m[K(allocator_arg_t __tag, const _Alloc& __a, pair<_U1, _U2>&& __in)
      |         [01;36m[K^~~~~[m[K
[01m[K/usr/include/c++/9/tuple:1189:9:[m[K [01;36m[Knote: [m[K  template argument deduction/substitution failed:
In file included from [01m[K/home/muratbolu/catkin_ws/src/ros_exercises/include/ros_exercises/prime.h:5[m[K,
                 from [01m[K/home/muratbolu/catkin_ws/src/ros_exercises/src/prime.cpp:1[m[K:
[01m[K/usr/include/c++/9/thread:267:4:[m[K [01;36m[Knote: [m[K  candidate expects 3 arguments, 2 provided
  267 |  } [01;36m[K}[m[K;
      |    [01;36m[K^[m[K
In file included from [01m[K/usr/include/c++/9/bits/unique_ptr.h:37[m[K,
                 from [01m[K/usr/include/c++/9/bits/locale_conv.h:41[m[K,
                 from [01m[K/usr/include/c++/9/locale:43[m[K,
                 from [01m[K/usr/include/c++/9/iomanip:43[m[K,
                 from [01m[K/usr/include/boost/math/policies/error_handling.hpp:12[m[K,
                 from [01m[K/usr/include/boost/math/special_functions/round.hpp:14[m[K,
                 from [01m[K/opt/ros/noetic/include/ros/time.h:58[m[K,
                 from [01m[K/opt/ros/noetic/include/ros/ros.h:38[m[K,
                 from [01m[K/home/muratbolu/catkin_ws/src/ros_exercises/include/ros_exercises/prime.h:1[m[K,
                 from [01m[K/home/muratbolu/catkin_ws/src/ros_exercises/src/prime.cpp:1[m[K:
[01m[K/usr/include/c++/9/tuple:1179:18:[m[K [01;36m[Knote: [m[Kcandidate: â€˜[01m[Ktemplate<class _Alloc, class _U1, class _U2, typename std::enable_if<(_ConstructibleTuple<_U1, _U2>() && (! _ImplicitlyConvertibleTuple<_U1, _U2>())), bool>::type <anonymous> > std::tuple<_T1, _T2>::tuple(std::allocator_arg_t, const _Alloc&, const std::pair<_U1, _U2>&)[m[Kâ€™
 1179 |         explicit [01;36m[Ktuple[m[K(allocator_arg_t __tag, const _Alloc& __a,
      |                  [01;36m[K^~~~~[m[K
[01m[K/usr/include/c++/9/tuple:1179:18:[m[K [01;36m[Knote: [m[K  template argument deduction/substitution failed:
In file included from [01m[K/home/muratbolu/catkin_ws/src/ros_exercises/include/ros_exercises/prime.h:5[m[K,
                 from [01m[K/home/muratbolu/catkin_ws/src/ros_exercises/src/prime.cpp:1[m[K:
[01m[K/usr/include/c++/9/thread:267:4:[m[K [01;36m[Knote: [m[K  candidate expects 3 arguments, 2 provided
  267 |  } [01;36m[K}[m[K;
      |    [01;36m[K^[m[K
In file included from [01m[K/usr/include/c++/9/bits/unique_ptr.h:37[m[K,
                 from [01m[K/usr/include/c++/9/bits/locale_conv.h:41[m[K,
                 from [01m[K/usr/include/c++/9/locale:43[m[K,
                 from [01m[K/usr/include/c++/9/iomanip:43[m[K,
                 from [01m[K/usr/include/boost/math/policies/error_handling.hpp:12[m[K,
                 from [01m[K/usr/include/boost/math/special_functions/round.hpp:14[m[K,
                 from [01m[K/opt/ros/noetic/include/ros/time.h:58[m[K,
                 from [01m[K/opt/ros/noetic/include/ros/ros.h:38[m[K,
                 from [01m[K/home/muratbolu/catkin_ws/src/ros_exercises/include/ros_exercises/prime.h:1[m[K,
                 from [01m[K/home/muratbolu/catkin_ws/src/ros_exercises/src/prime.cpp:1[m[K:
[01m[K/usr/include/c++/9/tuple:1169:9:[m[K [01;36m[Knote: [m[Kcandidate: â€˜[01m[Ktemplate<class _Alloc, class _U1, class _U2, typename std::enable_if<(_ConstructibleTuple<_U1, _U2>() && _ImplicitlyConvertibleTuple<_U1, _U2>()), bool>::type <anonymous> > std::tuple<_T1, _T2>::tuple(std::allocator_arg_t, const _Alloc&, const std::pair<_U1, _U2>&)[m[Kâ€™
 1169 |         [01;36m[Ktuple[m[K(allocator_arg_t __tag, const _Alloc& __a,
      |         [01;36m[K^~~~~[m[K
[01m[K/usr/include/c++/9/tuple:1169:9:[m[K [01;36m[Knote: [m[K  template argument deduction/substitution failed:
In file included from [01m[K/home/muratbolu/catkin_ws/src/ros_exercises/include/ros_exercises/prime.h:5[m[K,
                 from [01m[K/home/muratbolu/catkin_ws/src/ros_exercises/src/prime.cpp:1[m[K:
[01m[K/usr/include/c++/9/thread:267:4:[m[K [01;36m[Knote: [m[K  candidate expects 3 arguments, 2 provided
  267 |  } [01;36m[K}[m[K;
      |    [01;36m[K^[m[K
In file included from [01m[K/usr/include/c++/9/bits/unique_ptr.h:37[m[K,
                 from [01m[K/usr/include/c++/9/bits/locale_conv.h:41[m[K,
                 from [01m[K/usr/include/c++/9/locale:43[m[K,
                 from [01m[K/usr/include/c++/9/iomanip:43[m[K,
                 from [01m[K/usr/include/boost/math/policies/error_handling.hpp:12[m[K,
                 from [01m[K/usr/include/boost/math/special_functions/round.hpp:14[m[K,
                 from [01m[K/opt/ros/noetic/include/ros/time.h:58[m[K,
                 from [01m[K/opt/ros/noetic/include/ros/ros.h:38[m[K,
                 from [01m[K/home/muratbolu/catkin_ws/src/ros_exercises/include/ros_exercises/prime.h:1[m[K,
                 from [01m[K/home/muratbolu/catkin_ws/src/ros_exercises/src/prime.cpp:1[m[K:
[01m[K/usr/include/c++/9/tuple:1158:11:[m[K [01;36m[Knote: [m[Kcandidate: â€˜[01m[Ktemplate<class _Alloc, class _U1, class _U2, typename std::enable_if<(_MoveConstructibleTuple<_U1, _U2>() && (! _ImplicitlyMoveConvertibleTuple<_U1, _U2>())), bool>::type <anonymous> > std::tuple<_T1, _T2>::tuple(std::allocator_arg_t, const _Alloc&, std::tuple<_U1, _U2>&&)[m[Kâ€™
 1158 |  explicit [01;36m[Ktuple[m[K(allocator_arg_t __tag, const _Alloc& __a,
      |           [01;36m[K^~~~~[m[K
[01m[K/usr/include/c++/9/tuple:1158:11:[m[K [01;36m[Knote: [m[K  template argument deduction/substitution failed:
In file included from [01m[K/home/muratbolu/catkin_ws/src/ros_exercises/include/ros_exercises/prime.h:5[m[K,
                 from [01m[K/home/muratbolu/catkin_ws/src/ros_exercises/src/prime.cpp:1[m[K:
[01m[K/usr/include/c++/9/thread:267:4:[m[K [01;36m[Knote: [m[K  candidate expects 3 arguments, 2 provided
  267 |  } [01;36m[K}[m[K;
      |    [01;36m[K^[m[K
In file included from [01m[K/usr/include/c++/9/bits/unique_ptr.h:37[m[K,
                 from [01m[K/usr/include/c++/9/bits/locale_conv.h:41[m[K,
                 from [01m[K/usr/include/c++/9/locale:43[m[K,
                 from [01m[K/usr/include/c++/9/iomanip:43[m[K,
                 from [01m[K/usr/include/boost/math/policies/error_handling.hpp:12[m[K,
                 from [01m[K/usr/include/boost/math/special_functions/round.hpp:14[m[K,
                 from [01m[K/opt/ros/noetic/include/ros/time.h:58[m[K,
                 from [01m[K/opt/ros/noetic/include/ros/ros.h:38[m[K,
                 from [01m[K/home/muratbolu/catkin_ws/src/ros_exercises/include/ros_exercises/prime.h:1[m[K,
                 from [01m[K/home/muratbolu/catkin_ws/src/ros_exercises/src/prime.cpp:1[m[K:
[01m[K/usr/include/c++/9/tuple:1148:2:[m[K [01;36m[Knote: [m[Kcandidate: â€˜[01m[Ktemplate<class _Alloc, class _U1, class _U2, typename std::enable_if<(_MoveConstructibleTuple<_U1, _U2>() && _ImplicitlyMoveConvertibleTuple<_U1, _U2>()), bool>::type <anonymous> > std::tuple<_T1, _T2>::tuple(std::allocator_arg_t, const _Alloc&, std::tuple<_U1, _U2>&&)[m[Kâ€™
 1148 |  [01;36m[Ktuple[m[K(allocator_arg_t __tag, const _Alloc& __a, tuple<_U1, _U2>&& __in)
      |  [01;36m[K^~~~~[m[K
[01m[K/usr/include/c++/9/tuple:1148:2:[m[K [01;36m[Knote: [m[K  template argument deduction/substitution failed:
In file included from [01m[K/home/muratbolu/catkin_ws/src/ros_exercises/include/ros_exercises/prime.h:5[m[K,
                 from [01m[K/home/muratbolu/catkin_ws/src/ros_exercises/src/prime.cpp:1[m[K:
[01m[K/usr/include/c++/9/thread:267:4:[m[K [01;36m[Knote: [m[K  candidate expects 3 arguments, 2 provided
  267 |  } [01;36m[K}[m[K;
      |    [01;36m[K^[m[K
In file included from [01m[K/usr/include/c++/9/bits/unique_ptr.h:37[m[K,
                 from [01m[K/usr/include/c++/9/bits/locale_conv.h:41[m[K,
                 from [01m[K/usr/include/c++/9/locale:43[m[K,
                 from [01m[K/usr/include/c++/9/iomanip:43[m[K,
                 from [01m[K/usr/include/boost/math/policies/error_handling.hpp:12[m[K,
                 from [01m[K/usr/include/boost/math/special_functions/round.hpp:14[m[K,
                 from [01m[K/opt/ros/noetic/include/ros/time.h:58[m[K,
                 from [01m[K/opt/ros/noetic/include/ros/ros.h:38[m[K,
                 from [01m[K/home/muratbolu/catkin_ws/src/ros_exercises/include/ros_exercises/prime.h:1[m[K,
                 from [01m[K/home/muratbolu/catkin_ws/src/ros_exercises/src/prime.cpp:1[m[K:
[01m[K/usr/include/c++/9/tuple:1136:11:[m[K [01;36m[Knote: [m[Kcandidate: â€˜[01m[Ktemplate<class _Alloc, class _U1, class _U2, typename std::enable_if<(_ConstructibleTuple<_U1, _U2>() && (! _ImplicitlyConvertibleTuple<_U1, _U2>())), bool>::type <anonymous> > std::tuple<_T1, _T2>::tuple(std::allocator_arg_t, const _Alloc&, const std::tuple<_U1, _U2>&)[m[Kâ€™
 1136 |  explicit [01;36m[Ktuple[m[K(allocator_arg_t __tag, const _Alloc& __a,
      |           [01;36m[K^~~~~[m[K
[01m[K/usr/include/c++/9/tuple:1136:11:[m[K [01;36m[Knote: [m[K  template argument deduction/substitution failed:
In file included from [01m[K/home/muratbolu/catkin_ws/src/ros_exercises/include/ros_exercises/prime.h:5[m[K,
                 from [01m[K/home/muratbolu/catkin_ws/src/ros_exercises/src/prime.cpp:1[m[K:
[01m[K/usr/include/c++/9/thread:267:4:[m[K [01;36m[Knote: [m[K  candidate expects 3 arguments, 2 provided
  267 |  } [01;36m[K}[m[K;
      |    [01;36m[K^[m[K
In file included from [01m[K/usr/include/c++/9/bits/unique_ptr.h:37[m[K,
                 from [01m[K/usr/include/c++/9/bits/locale_conv.h:41[m[K,
                 from [01m[K/usr/include/c++/9/locale:43[m[K,
                 from [01m[K/usr/include/c++/9/iomanip:43[m[K,
                 from [01m[K/usr/include/boost/math/policies/error_handling.hpp:12[m[K,
                 from [01m[K/usr/include/boost/math/special_functions/round.hpp:14[m[K,
                 from [01m[K/opt/ros/noetic/include/ros/time.h:58[m[K,
                 from [01m[K/opt/ros/noetic/include/ros/ros.h:38[m[K,
                 from [01m[K/home/muratbolu/catkin_ws/src/ros_exercises/include/ros_exercises/prime.h:1[m[K,
                 from [01m[K/home/muratbolu/catkin_ws/src/ros_exercises/src/prime.cpp:1[m[K:
[01m[K/usr/include/c++/9/tuple:1124:2:[m[K [01;36m[Knote: [m[Kcandidate: â€˜[01m[Ktemplate<class _Alloc, class _U1, class _U2, typename std::enable_if<(_ConstructibleTuple<_U1, _U2>() && _ImplicitlyConvertibleTuple<_U1, _U2>()), bool>::type <anonymous> > std::tuple<_T1, _T2>::tuple(std::allocator_arg_t, const _Alloc&, const std::tuple<_U1, _U2>&)[m[Kâ€™
 1124 |  [01;36m[Ktuple[m[K(allocator_arg_t __tag, const _Alloc& __a,
      |  [01;36m[K^~~~~[m[K
[01m[K/usr/include/c++/9/tuple:1124:2:[m[K [01;36m[Knote: [m[K  template argument deduction/substitution failed:
In file included from [01m[K/home/muratbolu/catkin_ws/src/ros_exercises/include/ros_exercises/prime.h:5[m[K,
                 from [01m[K/home/muratbolu/catkin_ws/src/ros_exercises/src/prime.cpp:1[m[K:
[01m[K/usr/include/c++/9/thread:267:4:[m[K [01;36m[Knote: [m[K  candidate expects 3 arguments, 2 provided
  267 |  } [01;36m[K}[m[K;
      |    [01;36m[K^[m[K
In file included from [01m[K/usr/include/c++/9/bits/unique_ptr.h:37[m[K,
                 from [01m[K/usr/include/c++/9/bits/locale_conv.h:41[m[K,
                 from [01m[K/usr/include/c++/9/locale:43[m[K,
                 from [01m[K/usr/include/c++/9/iomanip:43[m[K,
                 from [01m[K/usr/include/boost/math/policies/error_handling.hpp:12[m[K,
                 from [01m[K/usr/include/boost/math/special_functions/round.hpp:14[m[K,
                 from [01m[K/opt/ros/noetic/include/ros/time.h:58[m[K,
                 from [01m[K/opt/ros/noetic/include/ros/ros.h:38[m[K,
                 from [01m[K/home/muratbolu/catkin_ws/src/ros_exercises/include/ros_exercises/prime.h:1[m[K,
                 from [01m[K/home/muratbolu/catkin_ws/src/ros_exercises/src/prime.cpp:1[m[K:
[01m[K/usr/include/c++/9/tuple:1115:2:[m[K [01;36m[Knote: [m[Kcandidate: â€˜[01m[Ktemplate<class _Alloc> std::tuple<_T1, _T2>::tuple(std::allocator_arg_t, const _Alloc&, std::tuple<_T1, _T2>&&)[m[Kâ€™
 1115 |  [01;36m[Ktuple[m[K(allocator_arg_t __tag, const _Alloc& __a, tuple&& __in)
      |  [01;36m[K^~~~~[m[K
[01m[K/usr/include/c++/9/tuple:1115:2:[m[K [01;36m[Knote: [m[K  template argument deduction/substitution failed:
In file included from [01m[K/home/muratbolu/catkin_ws/src/ros_exercises/include/ros_exercises/prime.h:5[m[K,
                 from [01m[K/home/muratbolu/catkin_ws/src/ros_exercises/src/prime.cpp:1[m[K:
[01m[K/usr/include/c++/9/thread:267:4:[m[K [01;36m[Knote: [m[K  candidate expects 3 arguments, 2 provided
  267 |  } [01;36m[K}[m[K;
      |    [01;36m[K^[m[K
In file included from [01m[K/usr/include/c++/9/bits/unique_ptr.h:37[m[K,
                 from [01m[K/usr/include/c++/9/bits/locale_conv.h:41[m[K,
                 from [01m[K/usr/include/c++/9/locale:43[m[K,
                 from [01m[K/usr/include/c++/9/iomanip:43[m[K,
                 from [01m[K/usr/include/boost/math/policies/error_handling.hpp:12[m[K,
                 from [01m[K/usr/include/boost/math/special_functions/round.hpp:14[m[K,
                 from [01m[K/opt/ros/noetic/include/ros/time.h:58[m[K,
                 from [01m[K/opt/ros/noetic/include/ros/ros.h:38[m[K,
                 from [01m[K/home/muratbolu/catkin_ws/src/ros_exercises/include/ros_exercises/prime.h:1[m[K,
                 from [01m[K/home/muratbolu/catkin_ws/src/ros_exercises/src/prime.cpp:1[m[K:
[01m[K/usr/include/c++/9/tuple:1111:2:[m[K [01;36m[Knote: [m[Kcandidate: â€˜[01m[Ktemplate<class _Alloc> std::tuple<_T1, _T2>::tuple(std::allocator_arg_t, const _Alloc&, const std::tuple<_T1, _T2>&)[m[Kâ€™
 1111 |  [01;36m[Ktuple[m[K(allocator_arg_t __tag, const _Alloc& __a, const tuple& __in)
      |  [01;36m[K^~~~~[m[K
[01m[K/usr/include/c++/9/tuple:1111:2:[m[K [01;36m[Knote: [m[K  template argument deduction/substitution failed:
In file included from [01m[K/home/muratbolu/catkin_ws/src/ros_exercises/include/ros_exercises/prime.h:5[m[K,
                 from [01m[K/home/muratbolu/catkin_ws/src/ros_exercises/src/prime.cpp:1[m[K:
[01m[K/usr/include/c++/9/thread:267:4:[m[K [01;36m[Knote: [m[K  candidate expects 3 arguments, 2 provided
  267 |  } [01;36m[K}[m[K;
      |    [01;36m[K^[m[K
In file included from [01m[K/usr/include/c++/9/bits/unique_ptr.h:37[m[K,
                 from [01m[K/usr/include/c++/9/bits/locale_conv.h:41[m[K,
                 from [01m[K/usr/include/c++/9/locale:43[m[K,
                 from [01m[K/usr/include/c++/9/iomanip:43[m[K,
                 from [01m[K/usr/include/boost/math/policies/error_handling.hpp:12[m[K,
                 from [01m[K/usr/include/boost/math/special_functions/round.hpp:14[m[K,
                 from [01m[K/opt/ros/noetic/include/ros/time.h:58[m[K,
                 from [01m[K/opt/ros/noetic/include/ros/ros.h:38[m[K,
                 from [01m[K/home/muratbolu/catkin_ws/src/ros_exercises/include/ros_exercises/prime.h:1[m[K,
                 from [01m[K/home/muratbolu/catkin_ws/src/ros_exercises/src/prime.cpp:1[m[K:
[01m[K/usr/include/c++/9/tuple:1105:11:[m[K [01;36m[Knote: [m[Kcandidate: â€˜[01m[Ktemplate<class _Alloc, class _U1, class _U2, typename std::enable_if<(_MoveConstructibleTuple<_U1, _U2>() && (! _ImplicitlyMoveConvertibleTuple<_U1, _U2>())), bool>::type <anonymous> > std::tuple<_T1, _T2>::tuple(std::allocator_arg_t, const _Alloc&, _U1&&, _U2&&)[m[Kâ€™
 1105 |  explicit [01;36m[Ktuple[m[K(allocator_arg_t __tag, const _Alloc& __a,
      |           [01;36m[K^~~~~[m[K
[01m[K/usr/include/c++/9/tuple:1105:11:[m[K [01;36m[Knote: [m[K  template argument deduction/substitution failed:
In file included from [01m[K/home/muratbolu/catkin_ws/src/ros_exercises/include/ros_exercises/prime.h:5[m[K,
                 from [01m[K/home/muratbolu/catkin_ws/src/ros_exercises/src/prime.cpp:1[m[K:
[01m[K/usr/include/c++/9/thread:267:4:[m[K [01;36m[Knote: [m[K  candidate expects 4 arguments, 2 provided
  267 |  } [01;36m[K}[m[K;
      |    [01;36m[K^[m[K
In file included from [01m[K/usr/include/c++/9/bits/unique_ptr.h:37[m[K,
                 from [01m[K/usr/include/c++/9/bits/locale_conv.h:41[m[K,
                 from [01m[K/usr/include/c++/9/locale:43[m[K,
                 from [01m[K/usr/include/c++/9/iomanip:43[m[K,
                 from [01m[K/usr/include/boost/math/policies/error_handling.hpp:12[m[K,
                 from [01m[K/usr/include/boost/math/special_functions/round.hpp:14[m[K,
                 from [01m[K/opt/ros/noetic/include/ros/time.h:58[m[K,
                 from [01m[K/opt/ros/noetic/include/ros/ros.h:38[m[K,
                 from [01m[K/home/muratbolu/catkin_ws/src/ros_exercises/include/ros_exercises/prime.h:1[m[K,
                 from [01m[K/home/muratbolu/catkin_ws/src/ros_exercises/src/prime.cpp:1[m[K:
[01m[K/usr/include/c++/9/tuple:1095:2:[m[K [01;36m[Knote: [m[Kcandidate: â€˜[01m[Ktemplate<class _Alloc, class _U1, class _U2, typename std::enable_if<(_MoveConstructibleTuple<_U1, _U2>() && _ImplicitlyMoveConvertibleTuple<_U1, _U2>()), bool>::type <anonymous> > std::tuple<_T1, _T2>::tuple(std::allocator_arg_t, const _Alloc&, _U1&&, _U2&&)[m[Kâ€™
 1095 |  [01;36m[Ktuple[m[K(allocator_arg_t __tag, const _Alloc& __a, _U1&& __a1, _U2&& __a2)
      |  [01;36m[K^~~~~[m[K
[01m[K/usr/include/c++/9/tuple:1095:2:[m[K [01;36m[Knote: [m[K  template argument deduction/substitution failed:
In file included from [01m[K/home/muratbolu/catkin_ws/src/ros_exercises/include/ros_exercises/prime.h:5[m[K,
                 from [01m[K/home/muratbolu/catkin_ws/src/ros_exercises/src/prime.cpp:1[m[K:
[01m[K/usr/include/c++/9/thread:267:4:[m[K [01;36m[Knote: [m[K  candidate expects 4 arguments, 2 provided
  267 |  } [01;36m[K}[m[K;
      |    [01;36m[K^[m[K
In file included from [01m[K/usr/include/c++/9/bits/unique_ptr.h:37[m[K,
                 from [01m[K/usr/include/c++/9/bits/locale_conv.h:41[m[K,
                 from [01m[K/usr/include/c++/9/locale:43[m[K,
                 from [01m[K/usr/include/c++/9/iomanip:43[m[K,
                 from [01m[K/usr/include/boost/math/policies/error_handling.hpp:12[m[K,
                 from [01m[K/usr/include/boost/math/special_functions/round.hpp:14[m[K,
                 from [01m[K/opt/ros/noetic/include/ros/time.h:58[m[K,
                 from [01m[K/opt/ros/noetic/include/ros/ros.h:38[m[K,
                 from [01m[K/home/muratbolu/catkin_ws/src/ros_exercises/include/ros_exercises/prime.h:1[m[K,
                 from [01m[K/home/muratbolu/catkin_ws/src/ros_exercises/src/prime.cpp:1[m[K:
[01m[K/usr/include/c++/9/tuple:1085:11:[m[K [01;36m[Knote: [m[Kcandidate: â€˜[01m[Ktemplate<class _Alloc, class _Dummy, typename std::enable_if<(std::_TC<std::is_same<_Dummy, void>::value, void (prime_application::*)(), prime_application>::_ConstructibleTuple<void (prime_application::*)(), prime_application>() && (! std::_TC<std::is_same<_Dummy, void>::value, void (prime_application::*)(), prime_application>::_ImplicitlyConvertibleTuple<void (prime_application::*)(), prime_application>())), bool>::type <anonymous> > std::tuple<_T1, _T2>::tuple(std::allocator_arg_t, const _Alloc&, const _T1&, const _T2&)[m[Kâ€™
 1085 |  explicit [01;36m[Ktuple[m[K(allocator_arg_t __tag, const _Alloc& __a,
      |           [01;36m[K^~~~~[m[K
[01m[K/usr/include/c++/9/tuple:1085:11:[m[K [01;36m[Knote: [m[K  template argument deduction/substitution failed:
In file included from [01m[K/home/muratbolu/catkin_ws/src/ros_exercises/include/ros_exercises/prime.h:5[m[K,
                 from [01m[K/home/muratbolu/catkin_ws/src/ros_exercises/src/prime.cpp:1[m[K:
[01m[K/usr/include/c++/9/thread:267:4:[m[K [01;36m[Knote: [m[K  candidate expects 4 arguments, 2 provided
  267 |  } [01;36m[K}[m[K;
      |    [01;36m[K^[m[K
In file included from [01m[K/usr/include/c++/9/bits/unique_ptr.h:37[m[K,
                 from [01m[K/usr/include/c++/9/bits/locale_conv.h:41[m[K,
                 from [01m[K/usr/include/c++/9/locale:43[m[K,
                 from [01m[K/usr/include/c++/9/iomanip:43[m[K,
                 from [01m[K/usr/include/boost/math/policies/error_handling.hpp:12[m[K,
                 from [01m[K/usr/include/boost/math/special_functions/round.hpp:14[m[K,
                 from [01m[K/opt/ros/noetic/include/ros/time.h:58[m[K,
                 from [01m[K/opt/ros/noetic/include/ros/ros.h:38[m[K,
                 from [01m[K/home/muratbolu/catkin_ws/src/ros_exercises/include/ros_exercises/prime.h:1[m[K,
                 from [01m[K/home/muratbolu/catkin_ws/src/ros_exercises/src/prime.cpp:1[m[K:
[01m[K/usr/include/c++/9/tuple:1073:2:[m[K [01;36m[Knote: [m[Kcandidate: â€˜[01m[Ktemplate<class _Alloc, class _Dummy, typename std::enable_if<(std::_TC<std::is_same<_Dummy, void>::value, void (prime_application::*)(), prime_application>::_ConstructibleTuple<void (prime_application::*)(), prime_application>() && std::_TC<std::is_same<_Dummy, void>::value, void (prime_application::*)(), prime_application>::_ImplicitlyConvertibleTuple<void (prime_application::*)(), prime_application>()), bool>::type <anonymous> > std::tuple<_T1, _T2>::tuple(std::allocator_arg_t, const _Alloc&, const _T1&, const _T2&)[m[Kâ€™
 1073 |  [01;36m[Ktuple[m[K(allocator_arg_t __tag, const _Alloc& __a,
      |  [01;36m[K^~~~~[m[K
[01m[K/usr/include/c++/9/tuple:1073:2:[m[K [01;36m[Knote: [m[K  template argument deduction/substitution failed:
In file included from [01m[K/home/muratbolu/catkin_ws/src/ros_exercises/include/ros_exercises/prime.h:5[m[K,
                 from [01m[K/home/muratbolu/catkin_ws/src/ros_exercises/src/prime.cpp:1[m[K:
[01m[K/usr/include/c++/9/thread:267:4:[m[K [01;36m[Knote: [m[K  candidate expects 4 arguments, 2 provided
  267 |  } [01;36m[K}[m[K;
      |    [01;36m[K^[m[K
In file included from [01m[K/usr/include/c++/9/bits/unique_ptr.h:37[m[K,
                 from [01m[K/usr/include/c++/9/bits/locale_conv.h:41[m[K,
                 from [01m[K/usr/include/c++/9/locale:43[m[K,
                 from [01m[K/usr/include/c++/9/iomanip:43[m[K,
                 from [01m[K/usr/include/boost/math/policies/error_handling.hpp:12[m[K,
                 from [01m[K/usr/include/boost/math/special_functions/round.hpp:14[m[K,
                 from [01m[K/opt/ros/noetic/include/ros/time.h:58[m[K,
                 from [01m[K/opt/ros/noetic/include/ros/ros.h:38[m[K,
                 from [01m[K/home/muratbolu/catkin_ws/src/ros_exercises/include/ros_exercises/prime.h:1[m[K,
                 from [01m[K/home/muratbolu/catkin_ws/src/ros_exercises/src/prime.cpp:1[m[K:
[01m[K/usr/include/c++/9/tuple:1062:2:[m[K [01;36m[Knote: [m[Kcandidate: â€˜[01m[Ktemplate<class _Alloc> std::tuple<_T1, _T2>::tuple(std::allocator_arg_t, const _Alloc&)[m[Kâ€™
 1062 |  [01;36m[Ktuple[m[K(allocator_arg_t __tag, const _Alloc& __a)
      |  [01;36m[K^~~~~[m[K
[01m[K/usr/include/c++/9/tuple:1062:2:[m[K [01;36m[Knote: [m[K  template argument deduction/substitution failed:
In file included from [01m[K/home/muratbolu/catkin_ws/src/ros_exercises/include/ros_exercises/prime.h:5[m[K,
                 from [01m[K/home/muratbolu/catkin_ws/src/ros_exercises/src/prime.cpp:1[m[K:
[01m[K/usr/include/c++/9/thread:267:4:[m[K [01;36m[Knote: [m[K  cannot convert â€˜[01m[Kstd::forward<void (prime_application::*)()>((* & __callable))[m[Kâ€™ (type â€˜[01m[Kvoid (prime_application::*)()[m[Kâ€™) to type â€˜[01m[Kstd::allocator_arg_t[m[Kâ€™
  267 |  } [01;36m[K}[m[K;
      |    [01;36m[K^[m[K
In file included from [01m[K/usr/include/c++/9/bits/unique_ptr.h:37[m[K,
                 from [01m[K/usr/include/c++/9/bits/locale_conv.h:41[m[K,
                 from [01m[K/usr/include/c++/9/locale:43[m[K,
                 from [01m[K/usr/include/c++/9/iomanip:43[m[K,
                 from [01m[K/usr/include/boost/math/policies/error_handling.hpp:12[m[K,
                 from [01m[K/usr/include/boost/math/special_functions/round.hpp:14[m[K,
                 from [01m[K/opt/ros/noetic/include/ros/time.h:58[m[K,
                 from [01m[K/opt/ros/noetic/include/ros/ros.h:38[m[K,
                 from [01m[K/home/muratbolu/catkin_ws/src/ros_exercises/include/ros_exercises/prime.h:1[m[K,
                 from [01m[K/home/muratbolu/catkin_ws/src/ros_exercises/src/prime.cpp:1[m[K:
[01m[K/usr/include/c++/9/tuple:1055:28:[m[K [01;36m[Knote: [m[Kcandidate: â€˜[01m[Ktemplate<class _U1, class _U2, typename std::enable_if<(_MoveConstructibleTuple<_U1, _U2>() && (! _ImplicitlyMoveConvertibleTuple<_U1, _U2>())), bool>::type <anonymous> > constexpr std::tuple<_T1, _T2>::tuple(std::pair<_U1, _U2>&&)[m[Kâ€™
 1055 |         explicit constexpr [01;36m[Ktuple[m[K(pair<_U1, _U2>&& __in)
      |                            [01;36m[K^~~~~[m[K
[01m[K/usr/include/c++/9/tuple:1055:28:[m[K [01;36m[Knote: [m[K  template argument deduction/substitution failed:
In file included from [01m[K/home/muratbolu/catkin_ws/src/ros_exercises/include/ros_exercises/prime.h:5[m[K,
                 from [01m[K/home/muratbolu/catkin_ws/src/ros_exercises/src/prime.cpp:1[m[K:
[01m[K/usr/include/c++/9/thread:267:4:[m[K [01;36m[Knote: [m[K  mismatched types â€˜[01m[Kstd::pair<_T1, _T2>[m[Kâ€™ and â€˜[01m[Kvoid (prime_application::*)()[m[Kâ€™
  267 |  } [01;36m[K}[m[K;
      |    [01;36m[K^[m[K
In file included from [01m[K/usr/include/c++/9/bits/unique_ptr.h:37[m[K,
                 from [01m[K/usr/include/c++/9/bits/locale_conv.h:41[m[K,
                 from [01m[K/usr/include/c++/9/locale:43[m[K,
                 from [01m[K/usr/include/c++/9/iomanip:43[m[K,
                 from [01m[K/usr/include/boost/math/policies/error_handling.hpp:12[m[K,
                 from [01m[K/usr/include/boost/math/special_functions/round.hpp:14[m[K,
                 from [01m[K/opt/ros/noetic/include/ros/time.h:58[m[K,
                 from [01m[K/opt/ros/noetic/include/ros/ros.h:38[m[K,
                 from [01m[K/home/muratbolu/catkin_ws/src/ros_exercises/include/ros_exercises/prime.h:1[m[K,
                 from [01m[K/home/muratbolu/catkin_ws/src/ros_exercises/src/prime.cpp:1[m[K:
[01m[K/usr/include/c++/9/tuple:1045:19:[m[K [01;36m[Knote: [m[Kcandidate: â€˜[01m[Ktemplate<class _U1, class _U2, typename std::enable_if<(_MoveConstructibleTuple<_U1, _U2>() && _ImplicitlyMoveConvertibleTuple<_U1, _U2>()), bool>::type <anonymous> > constexpr std::tuple<_T1, _T2>::tuple(std::pair<_U1, _U2>&&)[m[Kâ€™
 1045 |         constexpr [01;36m[Ktuple[m[K(pair<_U1, _U2>&& __in)
      |                   [01;36m[K^~~~~[m[K
[01m[K/usr/include/c++/9/tuple:1045:19:[m[K [01;36m[Knote: [m[K  template argument deduction/substitution failed:
In file included from [01m[K/home/muratbolu/catkin_ws/src/ros_exercises/include/ros_exercises/prime.h:5[m[K,
                 from [01m[K/home/muratbolu/catkin_ws/src/ros_exercises/src/prime.cpp:1[m[K:
[01m[K/usr/include/c++/9/thread:267:4:[m[K [01;36m[Knote: [m[K  mismatched types â€˜[01m[Kstd::pair<_T1, _T2>[m[Kâ€™ and â€˜[01m[Kvoid (prime_application::*)()[m[Kâ€™
  267 |  } [01;36m[K}[m[K;
      |    [01;36m[K^[m[K
In file included from [01m[K/usr/include/c++/9/bits/unique_ptr.h:37[m[K,
                 from [01m[K/usr/include/c++/9/bits/locale_conv.h:41[m[K,
                 from [01m[K/usr/include/c++/9/locale:43[m[K,
                 from [01m[K/usr/include/c++/9/iomanip:43[m[K,
                 from [01m[K/usr/include/boost/math/policies/error_handling.hpp:12[m[K,
                 from [01m[K/usr/include/boost/math/special_functions/round.hpp:14[m[K,
                 from [01m[K/opt/ros/noetic/include/ros/time.h:58[m[K,
                 from [01m[K/opt/ros/noetic/include/ros/ros.h:38[m[K,
                 from [01m[K/home/muratbolu/catkin_ws/src/ros_exercises/include/ros_exercises/prime.h:1[m[K,
                 from [01m[K/home/muratbolu/catkin_ws/src/ros_exercises/src/prime.cpp:1[m[K:
[01m[K/usr/include/c++/9/tuple:1036:28:[m[K [01;36m[Knote: [m[Kcandidate: â€˜[01m[Ktemplate<class _U1, class _U2, typename std::enable_if<(_ConstructibleTuple<_U1, _U2>() && (! _ImplicitlyConvertibleTuple<_U1, _U2>())), bool>::type <anonymous> > constexpr std::tuple<_T1, _T2>::tuple(const std::pair<_U1, _U2>&)[m[Kâ€™
 1036 |         explicit constexpr [01;36m[Ktuple[m[K(const pair<_U1, _U2>& __in)
      |                            [01;36m[K^~~~~[m[K
[01m[K/usr/include/c++/9/tuple:1036:28:[m[K [01;36m[Knote: [m[K  template argument deduction/substitution failed:
In file included from [01m[K/home/muratbolu/catkin_ws/src/ros_exercises/include/ros_exercises/prime.h:5[m[K,
                 from [01m[K/home/muratbolu/catkin_ws/src/ros_exercises/src/prime.cpp:1[m[K:
[01m[K/usr/include/c++/9/thread:267:4:[m[K [01;36m[Knote: [m[K  mismatched types â€˜[01m[Kconst std::pair<_T1, _T2>[m[Kâ€™ and â€˜[01m[Kvoid (prime_application::*)()[m[Kâ€™
  267 |  } [01;36m[K}[m[K;
      |    [01;36m[K^[m[K
In file included from [01m[K/usr/include/c++/9/bits/unique_ptr.h:37[m[K,
                 from [01m[K/usr/include/c++/9/bits/locale_conv.h:41[m[K,
                 from [01m[K/usr/include/c++/9/locale:43[m[K,
                 from [01m[K/usr/include/c++/9/iomanip:43[m[K,
                 from [01m[K/usr/include/boost/math/policies/error_handling.hpp:12[m[K,
                 from [01m[K/usr/include/boost/math/special_functions/round.hpp:14[m[K,
                 from [01m[K/opt/ros/noetic/include/ros/time.h:58[m[K,
                 from [01m[K/opt/ros/noetic/include/ros/ros.h:38[m[K,
                 from [01m[K/home/muratbolu/catkin_ws/src/ros_exercises/include/ros_exercises/prime.h:1[m[K,
                 from [01m[K/home/muratbolu/catkin_ws/src/ros_exercises/src/prime.cpp:1[m[K:
[01m[K/usr/include/c++/9/tuple:1027:19:[m[K [01;36m[Knote: [m[Kcandidate: â€˜[01m[Ktemplate<class _U1, class _U2, typename std::enable_if<(_ConstructibleTuple<_U1, _U2>() && _ImplicitlyConvertibleTuple<_U1, _U2>()), bool>::type <anonymous> > constexpr std::tuple<_T1, _T2>::tuple(const std::pair<_U1, _U2>&)[m[Kâ€™
 1027 |         constexpr [01;36m[Ktuple[m[K(const pair<_U1, _U2>& __in)
      |                   [01;36m[K^~~~~[m[K
[01m[K/usr/include/c++/9/tuple:1027:19:[m[K [01;36m[Knote: [m[K  template argument deduction/substitution failed:
In file included from [01m[K/home/muratbolu/catkin_ws/src/ros_exercises/include/ros_exercises/prime.h:5[m[K,
                 from [01m[K/home/muratbolu/catkin_ws/src/ros_exercises/src/prime.cpp:1[m[K:
[01m[K/usr/include/c++/9/thread:267:4:[m[K [01;36m[Knote: [m[K  mismatched types â€˜[01m[Kconst std::pair<_T1, _T2>[m[Kâ€™ and â€˜[01m[Kvoid (prime_application::*)()[m[Kâ€™
  267 |  } [01;36m[K}[m[K;
      |    [01;36m[K^[m[K
In file included from [01m[K/usr/include/c++/9/bits/unique_ptr.h:37[m[K,
                 from [01m[K/usr/include/c++/9/bits/locale_conv.h:41[m[K,
                 from [01m[K/usr/include/c++/9/locale:43[m[K,
                 from [01m[K/usr/include/c++/9/iomanip:43[m[K,
                 from [01m[K/usr/include/boost/math/policies/error_handling.hpp:12[m[K,
                 from [01m[K/usr/include/boost/math/special_functions/round.hpp:14[m[K,
                 from [01m[K/opt/ros/noetic/include/ros/time.h:58[m[K,
                 from [01m[K/opt/ros/noetic/include/ros/ros.h:38[m[K,
                 from [01m[K/home/muratbolu/catkin_ws/src/ros_exercises/include/ros_exercises/prime.h:1[m[K,
                 from [01m[K/home/muratbolu/catkin_ws/src/ros_exercises/src/prime.cpp:1[m[K:
[01m[K/usr/include/c++/9/tuple:1018:28:[m[K [01;36m[Knote: [m[Kcandidate: â€˜[01m[Ktemplate<class _U1, class _U2, typename std::enable_if<(_MoveConstructibleTuple<_U1, _U2>() && (! _ImplicitlyMoveConvertibleTuple<_U1, _U2>())), bool>::type <anonymous> > constexpr std::tuple<_T1, _T2>::tuple(std::tuple<_U1, _U2>&&)[m[Kâ€™
 1018 |         explicit constexpr [01;36m[Ktuple[m[K(tuple<_U1, _U2>&& __in)
      |                            [01;36m[K^~~~~[m[K
[01m[K/usr/include/c++/9/tuple:1018:28:[m[K [01;36m[Knote: [m[K  template argument deduction/substitution failed:
In file included from [01m[K/home/muratbolu/catkin_ws/src/ros_exercises/include/ros_exercises/prime.h:5[m[K,
                 from [01m[K/home/muratbolu/catkin_ws/src/ros_exercises/src/prime.cpp:1[m[K:
[01m[K/usr/include/c++/9/thread:267:4:[m[K [01;36m[Knote: [m[K  mismatched types â€˜[01m[Kstd::tuple<_T1, _T2>[m[Kâ€™ and â€˜[01m[Kvoid (prime_application::*)()[m[Kâ€™
  267 |  } [01;36m[K}[m[K;
      |    [01;36m[K^[m[K
In file included from [01m[K/usr/include/c++/9/bits/unique_ptr.h:37[m[K,
                 from [01m[K/usr/include/c++/9/bits/locale_conv.h:41[m[K,
                 from [01m[K/usr/include/c++/9/locale:43[m[K,
                 from [01m[K/usr/include/c++/9/iomanip:43[m[K,
                 from [01m[K/usr/include/boost/math/policies/error_handling.hpp:12[m[K,
                 from [01m[K/usr/include/boost/math/special_functions/round.hpp:14[m[K,
                 from [01m[K/opt/ros/noetic/include/ros/time.h:58[m[K,
                 from [01m[K/opt/ros/noetic/include/ros/ros.h:38[m[K,
                 from [01m[K/home/muratbolu/catkin_ws/src/ros_exercises/include/ros_exercises/prime.h:1[m[K,
                 from [01m[K/home/muratbolu/catkin_ws/src/ros_exercises/src/prime.cpp:1[m[K:
[01m[K/usr/include/c++/9/tuple:1009:19:[m[K [01;36m[Knote: [m[Kcandidate: â€˜[01m[Ktemplate<class _U1, class _U2, typename std::enable_if<(_MoveConstructibleTuple<_U1, _U2>() && _ImplicitlyMoveConvertibleTuple<_U1, _U2>()), bool>::type <anonymous> > constexpr std::tuple<_T1, _T2>::tuple(std::tuple<_U1, _U2>&&)[m[Kâ€™
 1009 |         constexpr [01;36m[Ktuple[m[K(tuple<_U1, _U2>&& __in)
      |                   [01;36m[K^~~~~[m[K
[01m[K/usr/include/c++/9/tuple:1009:19:[m[K [01;36m[Knote: [m[K  template argument deduction/substitution failed:
In file included from [01m[K/home/muratbolu/catkin_ws/src/ros_exercises/include/ros_exercises/prime.h:5[m[K,
                 from [01m[K/home/muratbolu/catkin_ws/src/ros_exercises/src/prime.cpp:1[m[K:
[01m[K/usr/include/c++/9/thread:267:4:[m[K [01;36m[Knote: [m[K  mismatched types â€˜[01m[Kstd::tuple<_T1, _T2>[m[Kâ€™ and â€˜[01m[Kvoid (prime_application::*)()[m[Kâ€™
  267 |  } [01;36m[K}[m[K;
      |    [01;36m[K^[m[K
In file included from [01m[K/usr/include/c++/9/bits/unique_ptr.h:37[m[K,
                 from [01m[K/usr/include/c++/9/bits/locale_conv.h:41[m[K,
                 from [01m[K/usr/include/c++/9/locale:43[m[K,
                 from [01m[K/usr/include/c++/9/iomanip:43[m[K,
                 from [01m[K/usr/include/boost/math/policies/error_handling.hpp:12[m[K,
                 from [01m[K/usr/include/boost/math/special_functions/round.hpp:14[m[K,
                 from [01m[K/opt/ros/noetic/include/ros/time.h:58[m[K,
                 from [01m[K/opt/ros/noetic/include/ros/ros.h:38[m[K,
                 from [01m[K/home/muratbolu/catkin_ws/src/ros_exercises/include/ros_exercises/prime.h:1[m[K,
                 from [01m[K/home/muratbolu/catkin_ws/src/ros_exercises/src/prime.cpp:1[m[K:
[01m[K/usr/include/c++/9/tuple:1000:28:[m[K [01;36m[Knote: [m[Kcandidate: â€˜[01m[Ktemplate<class _U1, class _U2, typename std::enable_if<(_ConstructibleTuple<_U1, _U2>() && (! _ImplicitlyConvertibleTuple<_U1, _U2>())), bool>::type <anonymous> > constexpr std::tuple<_T1, _T2>::tuple(const std::tuple<_U1, _U2>&)[m[Kâ€™
 1000 |         explicit constexpr [01;36m[Ktuple[m[K(const tuple<_U1, _U2>& __in)
      |                            [01;36m[K^~~~~[m[K
[01m[K/usr/include/c++/9/tuple:1000:28:[m[K [01;36m[Knote: [m[K  template argument deduction/substitution failed:
In file included from [01m[K/home/muratbolu/catkin_ws/src/ros_exercises/include/ros_exercises/prime.h:5[m[K,
                 from [01m[K/home/muratbolu/catkin_ws/src/ros_exercises/src/prime.cpp:1[m[K:
[01m[K/usr/include/c++/9/thread:267:4:[m[K [01;36m[Knote: [m[K  mismatched types â€˜[01m[Kconst std::tuple<_T1, _T2>[m[Kâ€™ and â€˜[01m[Kvoid (prime_application::*)()[m[Kâ€™
  267 |  } [01;36m[K}[m[K;
      |    [01;36m[K^[m[K
In file included from [01m[K/usr/include/c++/9/bits/unique_ptr.h:37[m[K,
                 from [01m[K/usr/include/c++/9/bits/locale_conv.h:41[m[K,
                 from [01m[K/usr/include/c++/9/locale:43[m[K,
                 from [01m[K/usr/include/c++/9/iomanip:43[m[K,
                 from [01m[K/usr/include/boost/math/policies/error_handling.hpp:12[m[K,
                 from [01m[K/usr/include/boost/math/special_functions/round.hpp:14[m[K,
                 from [01m[K/opt/ros/noetic/include/ros/time.h:58[m[K,
                 from [01m[K/opt/ros/noetic/include/ros/ros.h:38[m[K,
                 from [01m[K/home/muratbolu/catkin_ws/src/ros_exercises/include/ros_exercises/prime.h:1[m[K,
                 from [01m[K/home/muratbolu/catkin_ws/src/ros_exercises/src/prime.cpp:1[m[K:
[01m[K/usr/include/c++/9/tuple:991:19:[m[K [01;36m[Knote: [m[Kcandidate: â€˜[01m[Ktemplate<class _U1, class _U2, typename std::enable_if<(_ConstructibleTuple<_U1, _U2>() && _ImplicitlyConvertibleTuple<_U1, _U2>()), bool>::type <anonymous> > constexpr std::tuple<_T1, _T2>::tuple(const std::tuple<_U1, _U2>&)[m[Kâ€™
  991 |         constexpr [01;36m[Ktuple[m[K(const tuple<_U1, _U2>& __in)
      |                   [01;36m[K^~~~~[m[K
[01m[K/usr/include/c++/9/tuple:991:19:[m[K [01;36m[Knote: [m[K  template argument deduction/substitution failed:
In file included from [01m[K/home/muratbolu/catkin_ws/src/ros_exercises/include/ros_exercises/prime.h:5[m[K,
                 from [01m[K/home/muratbolu/catkin_ws/src/ros_exercises/src/prime.cpp:1[m[K:
[01m[K/usr/include/c++/9/thread:267:4:[m[K [01;36m[Knote: [m[K  mismatched types â€˜[01m[Kconst std::tuple<_T1, _T2>[m[Kâ€™ and â€˜[01m[Kvoid (prime_application::*)()[m[Kâ€™
  267 |  } [01;36m[K}[m[K;
      |    [01;36m[K^[m[K
In file included from [01m[K/usr/include/c++/9/bits/unique_ptr.h:37[m[K,
                 from [01m[K/usr/include/c++/9/bits/locale_conv.h:41[m[K,
                 from [01m[K/usr/include/c++/9/locale:43[m[K,
                 from [01m[K/usr/include/c++/9/iomanip:43[m[K,
                 from [01m[K/usr/include/boost/math/policies/error_handling.hpp:12[m[K,
                 from [01m[K/usr/include/boost/math/special_functions/round.hpp:14[m[K,
                 from [01m[K/opt/ros/noetic/include/ros/time.h:58[m[K,
                 from [01m[K/opt/ros/noetic/include/ros/ros.h:38[m[K,
                 from [01m[K/home/muratbolu/catkin_ws/src/ros_exercises/include/ros_exercises/prime.h:1[m[K,
                 from [01m[K/home/muratbolu/catkin_ws/src/ros_exercises/src/prime.cpp:1[m[K:
[01m[K/usr/include/c++/9/tuple:983:17:[m[K [01;36m[Knote: [m[Kcandidate: â€˜[01m[Kconstexpr std::tuple<_T1, _T2>::tuple(std::tuple<_T1, _T2>&&) [with _T1 = void (prime_application::*)(); _T2 = prime_application][m[Kâ€™
  983 |       constexpr [01;36m[Ktuple[m[K(tuple&&) = default;
      |                 [01;36m[K^~~~~[m[K
[01m[K/usr/include/c++/9/tuple:983:17:[m[K [01;36m[Knote: [m[K  candidate expects 1 argument, 2 provided
[01m[K/usr/include/c++/9/tuple:978:28:[m[K [01;36m[Knote: [m[Kcandidate: â€˜[01m[Ktemplate<class _U1, class _U2, typename std::enable_if<((_MoveConstructibleTuple<_U1, _U2>() && (! _ImplicitlyMoveConvertibleTuple<_U1, _U2>())) && (! std::is_same<typename std::remove_cv<typename std::remove_reference<_Tp>::type>::type, std::allocator_arg_t>::value)), bool>::type <anonymous> > constexpr std::tuple<_T1, _T2>::tuple(_U1&&, _U2&&)[m[Kâ€™
  978 |         explicit constexpr [01;36m[Ktuple[m[K(_U1&& __a1, _U2&& __a2)
      |                            [01;36m[K^~~~~[m[K
[01m[K/usr/include/c++/9/tuple:978:28:[m[K [01;36m[Knote: [m[K  template argument deduction/substitution failed:
[01m[K/usr/include/c++/9/tuple:977:16:[m[K [01;31m[Kerror: [m[Kno type named â€˜[01m[Ktype[m[Kâ€™ in â€˜[01m[Kstruct std::enable_if<false, bool>[m[Kâ€™
  977 |  bool>::type = [01;31m[Kfalse[m[K>
      |                [01;31m[K^~~~~[m[K
[01m[K/usr/include/c++/9/tuple:968:19:[m[K [01;36m[Knote: [m[Kcandidate: â€˜[01m[Ktemplate<class _U1, class _U2, typename std::enable_if<((_MoveConstructibleTuple<_U1, _U2>() && _ImplicitlyMoveConvertibleTuple<_U1, _U2>()) && (! std::is_same<typename std::remove_cv<typename std::remove_reference<_Tp>::type>::type, std::allocator_arg_t>::value)), bool>::type <anonymous> > constexpr std::tuple<_T1, _T2>::tuple(_U1&&, _U2&&)[m[Kâ€™
  968 |         constexpr [01;36m[Ktuple[m[K(_U1&& __a1, _U2&& __a2)
      |                   [01;36m[K^~~~~[m[K
[01m[K/usr/include/c++/9/tuple:968:19:[m[K [01;36m[Knote: [m[K  template argument deduction/substitution failed:
[01m[K/usr/include/c++/9/tuple:967:16:[m[K [01;31m[Kerror: [m[Kno type named â€˜[01m[Ktype[m[Kâ€™ in â€˜[01m[Kstruct std::enable_if<false, bool>[m[Kâ€™
  967 |  bool>::type = [01;31m[Ktrue[m[K>
      |                [01;31m[K^~~~[m[K
[01m[K/usr/include/c++/9/tuple:954:28:[m[K [01;36m[Knote: [m[Kcandidate: â€˜[01m[Ktemplate<class _Dummy, typename std::enable_if<(std::_TC<std::is_same<_Dummy, void>::value, void (prime_application::*)(), prime_application>::_ConstructibleTuple<void (prime_application::*)(), prime_application>() && (! std::_TC<std::is_same<_Dummy, void>::value, void (prime_application::*)(), prime_application>::_ImplicitlyConvertibleTuple<void (prime_application::*)(), prime_application>())), bool>::type <anonymous> > constexpr std::tuple<_T1, _T2>::tuple(const _T1&, const _T2&)[m[Kâ€™
  954 |         explicit constexpr [01;36m[Ktuple[m[K(const _T1& __a1, const _T2& __a2)
      |                            [01;36m[K^~~~~[m[K
[01m[K/usr/include/c++/9/tuple:954:28:[m[K [01;36m[Knote: [m[K  template argument deduction/substitution failed:
[01m[K/usr/include/c++/9/tuple:953:16:[m[K [01;31m[Kerror: [m[Kno type named â€˜[01m[Ktype[m[Kâ€™ in â€˜[01m[Kstruct std::enable_if<false, bool>[m[Kâ€™
  953 |  bool>::type = [01;31m[Kfalse[m[K>
      |                [01;31m[K^~~~~[m[K
[01m[K/usr/include/c++/9/tuple:945:19:[m[K [01;36m[Knote: [m[Kcandidate: â€˜[01m[Ktemplate<class _Dummy, typename std::enable_if<(std::_TC<std::is_same<_Dummy, void>::value, void (prime_application::*)(), prime_application>::_ConstructibleTuple<void (prime_application::*)(), prime_application>() && std::_TC<std::is_same<_Dummy, void>::value, void (prime_application::*)(), prime_application>::_ImplicitlyConvertibleTuple<void (prime_application::*)(), prime_application>()), bool>::type <anonymous> > constexpr std::tuple<_T1, _T2>::tuple(const _T1&, const _T2&)[m[Kâ€™
  945 |         constexpr [01;36m[Ktuple[m[K(const _T1& __a1, const _T2& __a2)
      |                   [01;36m[K^~~~~[m[K
[01m[K/usr/include/c++/9/tuple:945:19:[m[K [01;36m[Knote: [m[K  template argument deduction/substitution failed:
[01m[K/usr/include/c++/9/tuple:944:16:[m[K [01;31m[Kerror: [m[Kno type named â€˜[01m[Ktype[m[Kâ€™ in â€˜[01m[Kstruct std::enable_if<false, bool>[m[Kâ€™
  944 |  bool>::type = [01;31m[Ktrue[m[K>
      |                [01;31m[K^~~~[m[K
[01m[K/usr/include/c++/9/tuple:931:21:[m[K [01;36m[Knote: [m[Kcandidate: â€˜[01m[Ktemplate<class _U1, class _U2, typename std::enable_if<std::__and_<std::is_default_constructible<_Tp>, std::is_default_constructible<_Dp>, std::__not_<std::__and_<std::__is_implicitly_default_constructible<_U1>, std::__is_implicitly_default_constructible<_U2> > > >::value, bool>::type <anonymous> > constexpr std::tuple<_T1, _T2>::tuple()[m[Kâ€™
  931 |  explicit constexpr [01;36m[Ktuple[m[K()
      |                     [01;36m[K^~~~~[m[K
[01m[K/usr/include/c++/9/tuple:931:21:[m[K [01;36m[Knote: [m[K  template argument deduction/substitution failed:
In file included from [01m[K/home/muratbolu/catkin_ws/src/ros_exercises/include/ros_exercises/prime.h:5[m[K,
                 from [01m[K/home/muratbolu/catkin_ws/src/ros_exercises/src/prime.cpp:1[m[K:
[01m[K/usr/include/c++/9/thread:267:4:[m[K [01;36m[Knote: [m[K  candidate expects 0 arguments, 2 provided
  267 |  } [01;36m[K}[m[K;
      |    [01;36m[K^[m[K
In file included from [01m[K/usr/include/c++/9/bits/unique_ptr.h:37[m[K,
                 from [01m[K/usr/include/c++/9/bits/locale_conv.h:41[m[K,
                 from [01m[K/usr/include/c++/9/locale:43[m[K,
                 from [01m[K/usr/include/c++/9/iomanip:43[m[K,
                 from [01m[K/usr/include/boost/math/policies/error_handling.hpp:12[m[K,
                 from [01m[K/usr/include/boost/math/special_functions/round.hpp:14[m[K,
                 from [01m[K/opt/ros/noetic/include/ros/time.h:58[m[K,
                 from [01m[K/opt/ros/noetic/include/ros/ros.h:38[m[K,
                 from [01m[K/home/muratbolu/catkin_ws/src/ros_exercises/include/ros_exercises/prime.h:1[m[K,
                 from [01m[K/home/muratbolu/catkin_ws/src/ros_exercises/src/prime.cpp:1[m[K:
[01m[K/usr/include/c++/9/tuple:918:12:[m[K [01;36m[Knote: [m[Kcandidate: â€˜[01m[Ktemplate<class _U1, class _U2, typename std::enable_if<std::__and_<std::__is_implicitly_default_constructible<_U1>, std::__is_implicitly_default_constructible<_U2> >::value, bool>::type <anonymous> > constexpr std::tuple<_T1, _T2>::tuple()[m[Kâ€™
  918 |  constexpr [01;36m[Ktuple[m[K()
      |            [01;36m[K^~~~~[m[K
[01m[K/usr/include/c++/9/tuple:918:12:[m[K [01;36m[Knote: [m[K  template argument deduction/substitution failed:
In file included from [01m[K/home/muratbolu/catkin_ws/src/ros_exercises/include/ros_exercises/prime.h:5[m[K,
                 from [01m[K/home/muratbolu/catkin_ws/src/ros_exercises/src/prime.cpp:1[m[K:
[01m[K/usr/include/c++/9/thread:267:4:[m[K [01;36m[Knote: [m[K  candidate expects 0 arguments, 2 provided
  267 |  } [01;36m[K}[m[K;
      |    [01;36m[K^[m[K
[01m[K/usr/include/c++/9/thread:267:4:[m[K [01;31m[Kerror: [m[Kcould not convert â€˜[01m[K{<expression error>}[m[Kâ€™ from â€˜[01m[K<brace-enclosed initializer list>[m[Kâ€™ to â€˜[01m[Kstd::thread::_Invoker<std::tuple<void (prime_application::*)(), prime_application> >[m[Kâ€™
In file included from [01m[K/usr/include/c++/9/bits/unique_ptr.h:37[m[K,
                 from [01m[K/usr/include/c++/9/bits/locale_conv.h:41[m[K,
                 from [01m[K/usr/include/c++/9/locale:43[m[K,
                 from [01m[K/usr/include/c++/9/iomanip:43[m[K,
                 from [01m[K/usr/include/boost/math/policies/error_handling.hpp:12[m[K,
                 from [01m[K/usr/include/boost/math/special_functions/round.hpp:14[m[K,
                 from [01m[K/opt/ros/noetic/include/ros/time.h:58[m[K,
                 from [01m[K/opt/ros/noetic/include/ros/ros.h:38[m[K,
                 from [01m[K/home/muratbolu/catkin_ws/src/ros_exercises/include/ros_exercises/prime.h:1[m[K,
                 from [01m[K/home/muratbolu/catkin_ws/src/ros_exercises/src/prime.cpp:1[m[K:
/usr/include/c++/9/tuple: In instantiation of â€˜[01m[Kconstexpr std::_Head_base<_Idx, _Head, false>::_Head_base(_UHead&&) [with _UHead = prime_application; long unsigned int _Idx = 1; _Head = prime_application][m[Kâ€™:
[01m[K/usr/include/c++/9/tuple:360:49:[m[K   required from â€˜[01m[Kconstexpr std::_Tuple_impl<_Idx, _Head>::_Tuple_impl(std::_Tuple_impl<_Idx, _Head>&&) [with long unsigned int _Idx = 1; _Head = prime_application][m[Kâ€™
[01m[K/usr/include/c++/9/tuple:231:42:[m[K   required from â€˜[01m[Kconstexpr std::_Tuple_impl<_Idx, _Head, _Tail ...>::_Tuple_impl(std::_Tuple_impl<_Idx, _Head, _Tail ...>&&) [with long unsigned int _Idx = 0; _Head = void (prime_application::*)(); _Tail = {prime_application}][m[Kâ€™
[01m[K/usr/include/c++/9/tuple:983:17:[m[K   required from â€˜[01m[Kstd::thread::_State_impl<_Callable>::_State_impl(_Callable&&) [with _Callable = std::thread::_Invoker<std::tuple<void (prime_application::*)(), prime_application> >][m[Kâ€™
[01m[K/usr/include/c++/9/thread:206:20:[m[K   required from â€˜[01m[Kstatic std::thread::_State_ptr std::thread::_S_make_state(_Callable&&) [with _Callable = std::thread::_Invoker<std::tuple<void (prime_application::*)(), prime_application> >; std::thread::_State_ptr = std::unique_ptr<std::thread::_State>][m[Kâ€™
[01m[K/usr/include/c++/9/thread:130:38:[m[K   required from â€˜[01m[Kstd::thread::thread(_Callable&&, _Args&& ...) [with _Callable = void (prime_application::*)(); _Args = {prime_application}; <template-parameter-1-3> = void][m[Kâ€™
[01m[K/home/muratbolu/catkin_ws/src/ros_exercises/src/prime.cpp:8:94:[m[K   required from here
[01m[K/usr/include/c++/9/tuple:133:42:[m[K [01;31m[Kerror: [m[Kuse of deleted function â€˜[01m[Kprime_application::prime_application(const prime_application&)[m[Kâ€™
  133 |  : _M_head_impl(std::forward<_UHead>(__h)[01;31m[K)[m[K { }
      |                                          [01;31m[K^[m[K
In file included from [01m[K/home/muratbolu/catkin_ws/src/ros_exercises/src/prime.cpp:1[m[K:
[01m[K/home/muratbolu/catkin_ws/src/ros_exercises/include/ros_exercises/prime.h:42:7:[m[K [01;36m[Knote: [m[Kâ€˜[01m[Kprime_application::prime_application(const prime_application&)[m[Kâ€™ is implicitly deleted because the default definition would be ill-formed:
   42 | class [01;36m[Kprime_application[m[K {
      |       [01;36m[K^~~~~~~~~~~~~~~~~[m[K
[01m[K/home/muratbolu/catkin_ws/src/ros_exercises/include/ros_exercises/prime.h:42:7:[m[K [01;31m[Kerror: [m[Kuse of deleted function â€˜[01m[Kstd::thread::thread(const std::thread&)[m[Kâ€™
In file included from [01m[K/home/muratbolu/catkin_ws/src/ros_exercises/include/ros_exercises/prime.h:5[m[K,
                 from [01m[K/home/muratbolu/catkin_ws/src/ros_exercises/src/prime.cpp:1[m[K:
[01m[K/usr/include/c++/9/thread:142:5:[m[K [01;36m[Knote: [m[Kdeclared here
  142 |     [01;36m[Kthread[m[K(const thread&) = delete;
      |     [01;36m[K^~~~~~[m[K
In file included from [01m[K/home/muratbolu/catkin_ws/src/ros_exercises/src/prime.cpp:1[m[K:
[01m[K/home/muratbolu/catkin_ws/src/ros_exercises/include/ros_exercises/prime.h:42:7:[m[K [01;31m[Kerror: [m[Kuse of deleted function â€˜[01m[Kstd::thread::thread(const std::thread&)[m[Kâ€™
   42 | class [01;31m[Kprime_application[m[K {
      |       [01;31m[K^~~~~~~~~~~~~~~~~[m[K
In file included from [01m[K/home/muratbolu/catkin_ws/src/ros_exercises/include/ros_exercises/prime.h:5[m[K,
                 from [01m[K/home/muratbolu/catkin_ws/src/ros_exercises/src/prime.cpp:1[m[K:
[01m[K/usr/include/c++/9/thread:142:5:[m[K [01;36m[Knote: [m[Kdeclared here
  142 |     [01;36m[Kthread[m[K(const thread&) = delete;
      |     [01;36m[K^~~~~~[m[K
In file included from [01m[K/home/muratbolu/catkin_ws/src/ros_exercises/src/prime.cpp:1[m[K:
[01m[K/home/muratbolu/catkin_ws/src/ros_exercises/include/ros_exercises/prime.h:42:7:[m[K [01;31m[Kerror: [m[Kuse of deleted function â€˜[01m[Kstd::thread::thread(const std::thread&)[m[Kâ€™
   42 | class [01;31m[Kprime_application[m[K {
      |       [01;31m[K^~~~~~~~~~~~~~~~~[m[K
In file included from [01m[K/home/muratbolu/catkin_ws/src/ros_exercises/include/ros_exercises/prime.h:5[m[K,
                 from [01m[K/home/muratbolu/catkin_ws/src/ros_exercises/src/prime.cpp:1[m[K:
[01m[K/usr/include/c++/9/thread:142:5:[m[K [01;36m[Knote: [m[Kdeclared here
  142 |     [01;36m[Kthread[m[K(const thread&) = delete;
      |     [01;36m[K^~~~~~[m[K
In file included from [01m[K/home/muratbolu/catkin_ws/src/ros_exercises/src/prime.cpp:1[m[K:
[01m[K/home/muratbolu/catkin_ws/src/ros_exercises/include/ros_exercises/prime.h:42:7:[m[K [01;31m[Kerror: [m[Kuse of deleted function â€˜[01m[Kstd::mutex::mutex(const std::mutex&)[m[Kâ€™
   42 | class [01;31m[Kprime_application[m[K {
      |       [01;31m[K^~~~~~~~~~~~~~~~~[m[K
In file included from [01m[K/usr/include/c++/9/mutex:43[m[K,
                 from [01m[K/usr/include/boost/system/detail/std_interoperability.hpp:13[m[K,
                 from [01m[K/usr/include/boost/system/error_code.hpp:959[m[K,
                 from [01m[K/usr/include/boost/system/system_error.hpp:11[m[K,
                 from [01m[K/usr/include/boost/thread/exceptions.hpp:22[m[K,
                 from [01m[K/usr/include/boost/thread/pthread/mutex.hpp:14[m[K,
                 from [01m[K/usr/include/boost/thread/mutex.hpp:16[m[K,
                 from [01m[K/opt/ros/noetic/include/ros/publisher.h:36[m[K,
                 from [01m[K/opt/ros/noetic/include/ros/node_handle.h:32[m[K,
                 from [01m[K/opt/ros/noetic/include/ros/ros.h:45[m[K,
                 from [01m[K/home/muratbolu/catkin_ws/src/ros_exercises/include/ros_exercises/prime.h:1[m[K,
                 from [01m[K/home/muratbolu/catkin_ws/src/ros_exercises/src/prime.cpp:1[m[K:
[01m[K/usr/include/c++/9/bits/std_mutex.h:94:5:[m[K [01;36m[Knote: [m[Kdeclared here
   94 |     [01;36m[Kmutex[m[K(const mutex&) = delete;
      |     [01;36m[K^~~~~[m[K
In file included from [01m[K/home/muratbolu/catkin_ws/src/ros_exercises/include/ros_exercises/prime.h:5[m[K,
                 from [01m[K/home/muratbolu/catkin_ws/src/ros_exercises/src/prime.cpp:1[m[K:
/usr/include/c++/9/thread: In instantiation of â€˜[01m[Kstd::thread::_State_impl<_Callable>::_State_impl(_Callable&&) [with _Callable = std::thread::_Invoker<std::tuple<void (prime_application::*)(), prime_application> >][m[Kâ€™:
[01m[K/usr/include/c++/9/thread:206:20:[m[K   required from â€˜[01m[Kstatic std::thread::_State_ptr std::thread::_S_make_state(_Callable&&) [with _Callable = std::thread::_Invoker<std::tuple<void (prime_application::*)(), prime_application> >; std::thread::_State_ptr = std::unique_ptr<std::thread::_State>][m[Kâ€™
[01m[K/usr/include/c++/9/thread:130:38:[m[K   required from â€˜[01m[Kstd::thread::thread(_Callable&&, _Args&& ...) [with _Callable = void (prime_application::*)(); _Args = {prime_application}; <template-parameter-1-3> = void][m[Kâ€™
[01m[K/home/muratbolu/catkin_ws/src/ros_exercises/src/prime.cpp:8:94:[m[K   required from here
[01m[K/usr/include/c++/9/thread:230:14:[m[K [01;36m[Knote: [m[Ksynthesized method â€˜[01m[Kconstexpr std::tuple<_T1, _T2>::tuple(std::tuple<_T1, _T2>&&) [with _T1 = void (prime_application::*)(); _T2 = prime_application][m[Kâ€™ first required here
  230 |       struct [01;36m[K_Invoker[m[K
      |              [01;36m[K^~~~~~~~[m[K
[01m[K/usr/include/c++/9/thread:191:69:[m[K [01;36m[Knote: [m[Ksynthesized method â€˜[01m[Kconstexpr std::thread::_Invoker<std::tuple<void (prime_application::*)(), prime_application> >::_Invoker(std::thread::_Invoker<std::tuple<void (prime_application::*)(), prime_application> >&&)[m[Kâ€™ first required here
  191 |  _State_impl(_Callable&& __f) : _M_func(std::forward<_Callable>(__f)[01;36m[K)[m[K
      |                                                                     [01;36m[K^[m[K
make[2]: *** [CMakeFiles/prime.dir/build.make:63: CMakeFiles/prime.dir/src/prime.cpp.o] Error 1
make[1]: *** [CMakeFiles/Makefile2:958: CMakeFiles/prime.dir/all] Error 2
make: *** [Makefile:141: all] Error 2
