[01m[K/home/muratbolu/catkin_ws/src/ros_exercises/src/prime_publisher.cpp:2:10:[m[K [01;31m[Kfatal error: [m[Kros_exercises/primes_list.msg: No such file or directory
    2 | #include [01;31m[K<ros_exercises/primes_list.msg>[m[K
      |          [01;31m[K^~~~~~~~~~~~~~~~~~~~~~~~~~~~~~~[m[K
compilation terminated.
make[2]: *** [CMakeFiles/prime_publisher.dir/build.make:63: CMakeFiles/prime_publisher.dir/src/prime_publisher.cpp.o] Error 1
make[1]: *** [CMakeFiles/Makefile2:515: CMakeFiles/prime_publisher.dir/all] Error 2
make[1]: *** Waiting for unfinished jobs....
make: *** [Makefile:141: all] Error 2
