[01m[K/home/muratbolu/catkin_ws/src/ros_exercises/src/prime.cpp:[m[K In static member function â€˜[01m[Kstatic void prime_application::calculator_function()[m[Kâ€™:
[01m[K/home/muratbolu/catkin_ws/src/ros_exercises/src/prime.cpp:25:7:[m[K [01;31m[Kerror: [m[Kinvalid use of member â€˜[01m[Kprime_application::mutex[m[Kâ€™ in static member function
   25 |   if ([01;31m[Kmutex[m[K.try_lock()) {
      |       [01;31m[K^~~~~[m[K
In file included from [01m[K/home/muratbolu/catkin_ws/src/ros_exercises/src/prime.cpp:1[m[K:
[01m[K/home/muratbolu/catkin_ws/src/ros_exercises/include/ros_exercises/prime.h:48:20:[m[K [01;36m[Knote: [m[Kdeclared here
   48 |         std::mutex [01;36m[Kmutex[m[K;
      |                    [01;36m[K^~~~~[m[K
[01m[K/home/muratbolu/catkin_ws/src/ros_exercises/src/prime.cpp:26:4:[m[K [01;31m[Kerror: [m[Kinvalid use of member â€˜[01m[Kprime_application::primes_lst[m[Kâ€™ in static member function
   26 |    [01;31m[Kprimes_lst[m[K.data.push_back(calculator.next_prime());
      |    [01;31m[K^~~~~~~~~~[m[K
In file included from [01m[K/home/muratbolu/catkin_ws/src/ros_exercises/src/prime.cpp:1[m[K:
[01m[K/home/muratbolu/catkin_ws/src/ros_exercises/include/ros_exercises/prime.h:55:33:[m[K [01;36m[Knote: [m[Kdeclared here
   55 |      ros_exercises::primes_list [01;36m[Kprimes_lst[m[K;
      |                                 [01;36m[K^~~~~~~~~~[m[K
[01m[K/home/muratbolu/catkin_ws/src/ros_exercises/src/prime.cpp:26:30:[m[K [01;31m[Kerror: [m[Kinvalid use of member â€˜[01m[Kprime_application::calculator[m[Kâ€™ in static member function
   26 |    primes_lst.data.push_back([01;31m[Kcalculator[m[K.next_prime());
      |                              [01;31m[K^~~~~~~~~~[m[K
In file included from [01m[K/home/muratbolu/catkin_ws/src/ros_exercises/src/prime.cpp:1[m[K:
[01m[K/home/muratbolu/catkin_ws/src/ros_exercises/include/ros_exercises/prime.h:49:16:[m[K [01;36m[Knote: [m[Kdeclared here
   49 |         primes [01;36m[Kcalculator[m[K;
      |                [01;36m[K^~~~~~~~~~[m[K
[01m[K/home/muratbolu/catkin_ws/src/ros_exercises/src/prime.cpp:27:4:[m[K [01;31m[Kerror: [m[Kinvalid use of member â€˜[01m[Kprime_application::mutex[m[Kâ€™ in static member function
   27 |    [01;31m[Kmutex[m[K.unlock();
      |    [01;31m[K^~~~~[m[K
In file included from [01m[K/home/muratbolu/catkin_ws/src/ros_exercises/src/prime.cpp:1[m[K:
[01m[K/home/muratbolu/catkin_ws/src/ros_exercises/include/ros_exercises/prime.h:48:20:[m[K [01;36m[Knote: [m[Kdeclared here
   48 |         std::mutex [01;36m[Kmutex[m[K;
      |                    [01;36m[K^~~~~[m[K
[01m[K/home/muratbolu/catkin_ws/src/ros_exercises/src/prime.cpp:29:3:[m[K [01;31m[Kerror: [m[Kinvalid use of member â€˜[01m[Kprime_application::calculator_rate[m[Kâ€™ in static member function
   29 |   [01;31m[Kcalculator_rate[m[K.sleep();
      |   [01;31m[K^~~~~~~~~~~~~~~[m[K
In file included from [01m[K/home/muratbolu/catkin_ws/src/ros_exercises/src/prime.cpp:1[m[K:
[01m[K/home/muratbolu/catkin_ws/src/ros_exercises/include/ros_exercises/prime.h:50:19:[m[K [01;36m[Knote: [m[Kdeclared here
   50 |         ros::Rate [01;36m[Kcalculator_rate[m[K;
      |                   [01;36m[K^~~~~~~~~~~~~~~[m[K
[01m[K/home/muratbolu/catkin_ws/src/ros_exercises/src/prime.cpp:[m[K In static member function â€˜[01m[Kstatic void prime_application::printer_function()[m[Kâ€™:
[01m[K/home/muratbolu/catkin_ws/src/ros_exercises/src/prime.cpp:37:7:[m[K [01;31m[Kerror: [m[Kinvalid use of member â€˜[01m[Kprime_application::mutex[m[Kâ€™ in static member function
   37 |   if ([01;31m[Kmutex[m[K.try_lock()) {
      |       [01;31m[K^~~~~[m[K
In file included from [01m[K/home/muratbolu/catkin_ws/src/ros_exercises/src/prime.cpp:1[m[K:
[01m[K/home/muratbolu/catkin_ws/src/ros_exercises/include/ros_exercises/prime.h:48:20:[m[K [01;36m[Knote: [m[Kdeclared here
   48 |         std::mutex [01;36m[Kmutex[m[K;
      |                    [01;36m[K^~~~~[m[K
In file included from [01m[K/opt/ros/noetic/include/ros/ros.h:40[m[K,
                 from [01m[K/home/muratbolu/catkin_ws/src/ros_exercises/include/ros_exercises/prime.h:1[m[K,
                 from [01m[K/home/muratbolu/catkin_ws/src/ros_exercises/src/prime.cpp:1[m[K:
[01m[K/home/muratbolu/catkin_ws/src/ros_exercises/src/prime.cpp:38:43:[m[K [01;31m[Kerror: [m[Kinvalid use of member â€˜[01m[Kprime_application::primes_lst[m[Kâ€™ in static member function
   38 |    ROS_INFO("%s", (print_array::to_string([01;31m[Kprimes_lst[m[K)).c_str());
      |                                           [01;31m[K^~~~~~~~~~[m[K
[01m[K/opt/ros/noetic/include/ros/console.h:351:165:[m[K [01;36m[Knote: [m[Kin definition of macro â€˜[01m[KROSCONSOLE_PRINT_AT_LOCATION_WITH_FILTER[m[Kâ€™
  351 |     ::ros::console::print(filter, __rosconsole_define_location__loc.logger_, __rosconsole_define_location__loc.level_, __FILE__, __LINE__, __ROSCONSOLE_FUNCTION__, [01;36m[K__VA_ARGS__[m[K)
      |                                                                                                                                                                     [01;36m[K^~~~~~~~~~~[m[K
[01m[K/opt/ros/noetic/include/ros/console.h:390:7:[m[K [01;36m[Knote: [m[Kin expansion of macro â€˜[01m[KROSCONSOLE_PRINT_AT_LOCATION[m[Kâ€™
  390 |       [01;36m[KROSCONSOLE_PRINT_AT_LOCATION[m[K(__VA_ARGS__); \
      |       [01;36m[K^~~~~~~~~~~~~~~~~~~~~~~~~~~~[m[K
[01m[K/opt/ros/noetic/include/ros/console.h:575:35:[m[K [01;36m[Knote: [m[Kin expansion of macro â€˜[01m[KROS_LOG_COND[m[Kâ€™
  575 | #define ROS_LOG(level, name, ...) [01;36m[KROS_LOG_COND[m[K(true, level, name, __VA_ARGS__)
      |                                   [01;36m[K^~~~~~~~~~~~[m[K
[01m[K/opt/ros/noetic/include/rosconsole/macros_generated.h:110:23:[m[K [01;36m[Knote: [m[Kin expansion of macro â€˜[01m[KROS_LOG[m[Kâ€™
  110 | #define ROS_INFO(...) [01;36m[KROS_LOG[m[K(::ros::console::levels::Info, ROSCONSOLE_DEFAULT_NAME, __VA_ARGS__)
      |                       [01;36m[K^~~~~~~[m[K
[01m[K/home/muratbolu/catkin_ws/src/ros_exercises/src/prime.cpp:38:4:[m[K [01;36m[Knote: [m[Kin expansion of macro â€˜[01m[KROS_INFO[m[Kâ€™
   38 |    [01;36m[KROS_INFO[m[K("%s", (print_array::to_string(primes_lst)).c_str());
      |    [01;36m[K^~~~~~~~[m[K
In file included from [01m[K/home/muratbolu/catkin_ws/src/ros_exercises/src/prime.cpp:1[m[K:
[01m[K/home/muratbolu/catkin_ws/src/ros_exercises/include/ros_exercises/prime.h:55:33:[m[K [01;36m[Knote: [m[Kdeclared here
   55 |      ros_exercises::primes_list [01;36m[Kprimes_lst[m[K;
      |                                 [01;36m[K^~~~~~~~~~[m[K
[01m[K/home/muratbolu/catkin_ws/src/ros_exercises/src/prime.cpp:39:4:[m[K [01;31m[Kerror: [m[Kinvalid use of member â€˜[01m[Kprime_application::mutex[m[Kâ€™ in static member function
   39 |    [01;31m[Kmutex[m[K.unlock();
      |    [01;31m[K^~~~~[m[K
In file included from [01m[K/home/muratbolu/catkin_ws/src/ros_exercises/src/prime.cpp:1[m[K:
[01m[K/home/muratbolu/catkin_ws/src/ros_exercises/include/ros_exercises/prime.h:48:20:[m[K [01;36m[Knote: [m[Kdeclared here
   48 |         std::mutex [01;36m[Kmutex[m[K;
      |                    [01;36m[K^~~~~[m[K
[01m[K/home/muratbolu/catkin_ws/src/ros_exercises/src/prime.cpp:41:3:[m[K [01;31m[Kerror: [m[Kinvalid use of member â€˜[01m[Kprime_application::printer_rate[m[Kâ€™ in static member function
   41 |   [01;31m[Kprinter_rate[m[K.sleep();
      |   [01;31m[K^~~~~~~~~~~~[m[K
In file included from [01m[K/home/muratbolu/catkin_ws/src/ros_exercises/src/prime.cpp:1[m[K:
[01m[K/home/muratbolu/catkin_ws/src/ros_exercises/include/ros_exercises/prime.h:51:19:[m[K [01;36m[Knote: [m[Kdeclared here
   51 |         ros::Rate [01;36m[Kprinter_rate[m[K;
      |                   [01;36m[K^~~~~~~~~~~~[m[K
[01m[K/home/muratbolu/catkin_ws/src/ros_exercises/src/prime.cpp:[m[K In static member function â€˜[01m[Kstatic void prime_application::publisher_function()[m[Kâ€™:
[01m[K/home/muratbolu/catkin_ws/src/ros_exercises/src/prime.cpp:49:7:[m[K [01;31m[Kerror: [m[Kinvalid use of member â€˜[01m[Kprime_application::mutex[m[Kâ€™ in static member function
   49 |   if ([01;31m[Kmutex[m[K.try_lock()) {
      |       [01;31m[K^~~~~[m[K
In file included from [01m[K/home/muratbolu/catkin_ws/src/ros_exercises/src/prime.cpp:1[m[K:
[01m[K/home/muratbolu/catkin_ws/src/ros_exercises/include/ros_exercises/prime.h:48:20:[m[K [01;36m[Knote: [m[Kdeclared here
   48 |         std::mutex [01;36m[Kmutex[m[K;
      |                    [01;36m[K^~~~~[m[K
[01m[K/home/muratbolu/catkin_ws/src/ros_exercises/src/prime.cpp:50:4:[m[K [01;31m[Kerror: [m[Kinvalid use of member â€˜[01m[Kprime_application::prime_pub[m[Kâ€™ in static member function
   50 |    [01;31m[Kprime_pub[m[K.publish(primes_lst);
      |    [01;31m[K^~~~~~~~~[m[K
In file included from [01m[K/home/muratbolu/catkin_ws/src/ros_exercises/src/prime.cpp:1[m[K:
[01m[K/home/muratbolu/catkin_ws/src/ros_exercises/include/ros_exercises/prime.h:54:24:[m[K [01;36m[Knote: [m[Kdeclared here
   54 |         ros::Publisher [01;36m[Kprime_pub[m[K;
      |                        [01;36m[K^~~~~~~~~[m[K
[01m[K/home/muratbolu/catkin_ws/src/ros_exercises/src/prime.cpp:50:22:[m[K [01;31m[Kerror: [m[Kinvalid use of member â€˜[01m[Kprime_application::primes_lst[m[Kâ€™ in static member function
   50 |    prime_pub.publish([01;31m[Kprimes_lst[m[K);
      |                      [01;31m[K^~~~~~~~~~[m[K
In file included from [01m[K/home/muratbolu/catkin_ws/src/ros_exercises/src/prime.cpp:1[m[K:
[01m[K/home/muratbolu/catkin_ws/src/ros_exercises/include/ros_exercises/prime.h:55:33:[m[K [01;36m[Knote: [m[Kdeclared here
   55 |      ros_exercises::primes_list [01;36m[Kprimes_lst[m[K;
      |                                 [01;36m[K^~~~~~~~~~[m[K
[01m[K/home/muratbolu/catkin_ws/src/ros_exercises/src/prime.cpp:51:4:[m[K [01;31m[Kerror: [m[Kinvalid use of member â€˜[01m[Kprime_application::mutex[m[Kâ€™ in static member function
   51 |    [01;31m[Kmutex[m[K.unlock();
      |    [01;31m[K^~~~~[m[K
In file included from [01m[K/home/muratbolu/catkin_ws/src/ros_exercises/src/prime.cpp:1[m[K:
[01m[K/home/muratbolu/catkin_ws/src/ros_exercises/include/ros_exercises/prime.h:48:20:[m[K [01;36m[Knote: [m[Kdeclared here
   48 |         std::mutex [01;36m[Kmutex[m[K;
      |                    [01;36m[K^~~~~[m[K
[01m[K/home/muratbolu/catkin_ws/src/ros_exercises/src/prime.cpp:53:3:[m[K [01;31m[Kerror: [m[Kinvalid use of member â€˜[01m[Kprime_application::publisher_rate[m[Kâ€™ in static member function
   53 |   [01;31m[Kpublisher_rate[m[K.sleep();
      |   [01;31m[K^~~~~~~~~~~~~~[m[K
In file included from [01m[K/home/muratbolu/catkin_ws/src/ros_exercises/src/prime.cpp:1[m[K:
[01m[K/home/muratbolu/catkin_ws/src/ros_exercises/include/ros_exercises/prime.h:52:19:[m[K [01;36m[Knote: [m[Kdeclared here
   52 |         ros::Rate [01;36m[Kpublisher_rate[m[K;
      |                   [01;36m[K^~~~~~~~~~~~~~[m[K
make[2]: *** [CMakeFiles/prime.dir/build.make:63: CMakeFiles/prime.dir/src/prime.cpp.o] Error 1
make[1]: *** [CMakeFiles/Makefile2:958: CMakeFiles/prime.dir/all] Error 2
make[1]: *** Waiting for unfinished jobs....
/usr/bin/ld: CMakeFiles/prime_publisher.dir/src/prime_publisher.cpp.o: in function `main':
prime_publisher.cpp:(.text.startup+0x89): undefined reference to `prime_application::prime_application()'
/usr/bin/ld: prime_publisher.cpp:(.text.startup+0x91): undefined reference to `prime_application::~prime_application()'
collect2: error: ld returned 1 exit status
make[2]: *** [CMakeFiles/prime_publisher.dir/build.make:101: /home/muratbolu/catkin_ws/devel/.private/ros_exercises/lib/ros_exercises/prime_publisher] Error 1
make[1]: *** [CMakeFiles/Makefile2:531: CMakeFiles/prime_publisher.dir/all] Error 2
make: *** [Makefile:141: all] Error 2
